<?xml version="1.0" encoding="UTF-8"?>
<!-- Generated by org.testng.reporters.JUnitReportReporter -->
<testsuite hostname="tester-VirtualBox" name="zavrsni.Testovi.PretragaStanaraTest" tests="2" failures="0" timestamp="12 Jul 2019 09:26:00 GMT" time="1.670" errors="0">
  <testcase name="pretragaStanaraTest" time="0.763" classname="zavrsni.Testovi.PretragaStanaraTest"/>
  <testcase name="pretragaNepostojeciStanarTest" time="0.907" classname="zavrsni.Testovi.PretragaStanaraTest"/>
</testsuite> <!-- zavrsni.Testovi.PretragaStanaraTest -->
