<?xml version="1.0" encoding="UTF-8"?>
<!-- Generated by org.testng.reporters.JUnitReportReporter -->
<testsuite hostname="tester-VirtualBox" name="zavrsni_ispit_12_07_2019.Testovi.DodavanjeInstitucijaTest" tests="6" failures="0" timestamp="12 Jul 2019 20:58:43 GMT" time="18.136" errors="0">
  <testcase name="DaLiSeDodalaInstitucijaTest" time="0.761" classname="zavrsni_ispit_12_07_2019.Testovi.DodavanjeInstitucijaTest"/>
  <testcase name="DodavanjeInstitucijeTest" time="3.736" classname="zavrsni_ispit_12_07_2019.Testovi.DodavanjeInstitucijaTest"/>
  <testcase name="NegPraznoDodavanjeInstitucijeTest" time="3.152" classname="zavrsni_ispit_12_07_2019.Testovi.DodavanjeInstitucijaTest"/>
  <testcase name="NegSlovaUmestoBrojaTelInstitucijeTest" time="3.540" classname="zavrsni_ispit_12_07_2019.Testovi.DodavanjeInstitucijaTest"/>
  <testcase name="NegNevalidanEmailDodavanjeInstitucijeTest" time="4.024" classname="zavrsni_ispit_12_07_2019.Testovi.DodavanjeInstitucijaTest"/>
  <testcase name="NegNevalidnaLozinkaDodavanjeInstitucijeTest" time="2.923" classname="zavrsni_ispit_12_07_2019.Testovi.DodavanjeInstitucijaTest"/>
</testsuite> <!-- zavrsni_ispit_12_07_2019.Testovi.DodavanjeInstitucijaTest -->
