<?xml version="1.0" encoding="UTF-8"?>
<!-- Generated by org.testng.reporters.JUnitReportReporter -->
<testsuite hostname="tester-VirtualBox" name="zavrsni.Testovi.PretragaZgradaTest" tests="2" failures="0" timestamp="12 Jul 2019 09:32:07 GMT" time="2.560" errors="0">
  <testcase name="pretragaZgradeTest" time="1.086" classname="zavrsni.Testovi.PretragaZgradaTest"/>
  <testcase name="pretragaNepostojeceZgradeTest" time="1.474" classname="zavrsni.Testovi.PretragaZgradaTest"/>
</testsuite> <!-- zavrsni.Testovi.PretragaZgradaTest -->
