<?xml version="1.0" encoding="UTF-8"?>
<!-- Generated by org.testng.reporters.JUnitReportReporter -->
<testsuite hostname="tester-VirtualBox" name="domaci.Zadatak1" tests="5" failures="5" timestamp="2 Jul 2019 16:31:14 GMT" time="0.054" errors="0">
  <testcase name="addFirstStudent" time="0.008" classname="domaci.Zadatak1">
    <failure type="org.openqa.selenium.WebDriverException" message="Failed to connect to binary FirefoxBinary(/usr/bin/firefox) on port 7055; process output follows: 
rtion &#039;object-&gt;ref_count &gt; 0&#039; failed

(/usr/lib/firefox/firefox:11453): GLib-GObject-CRITICAL **: g_object_unref: assertion &#039;object-&gt;ref_count &gt; 0&#039; failed

(/usr/lib/firefox/firefox:11453): GLib-GObject-CRITICAL **: g_object_ref: assertion &#039;object-&gt;ref_count &gt; 0&#039; failed

(/usr/lib/firefox/firefox:11453): GLib-GObject-CRITICAL **: g_object_unref: assertion &#039;object-&gt;ref_count &gt; 0&#039; failed

(/usr/lib/firefox/firefox:11453): GLib-GObject-CRITICAL **: g_object_ref: assertion &#039;object-&gt;ref_count &gt; 0&#039; failed

(/usr/lib/firefox/firefox:11453): GLib-GObject-CRITICAL **: g_object_unref: assertion &#039;object-&gt;ref_count &gt; 0&#039; failed

(/usr/lib/firefox/firefox:11453): GLib-GObject-WARNING **: g_object_get_valist: object class &#039;GtkSettings&#039; has no property named &#039;gtk-decoration-layout&#039;
1562085033061	addons.manager	DEBUG	Registering upgrade listener for formautofill@mozilla.org

(/usr/lib/firefox/firefox:11453): GLib-GObject-CRITICAL **: g_object_ref: assertion &#039;object-&gt;ref_count &gt; 0&#039; failed

(/usr/lib/firefox/firefox:11453): GLib-GObject-CRITICAL **: g_object_unref: assertion &#039;object-&gt;ref_count &gt; 0&#039; failed

(/usr/lib/firefox/firefox:11453): GLib-GObject-CRITICAL **: g_object_ref: assertion &#039;object-&gt;ref_count &gt; 0&#039; failed

(/usr/lib/firefox/firefox:11453): GLib-GObject-CRITICAL **: g_object_unref: assertion &#039;object-&gt;ref_count &gt; 0&#039; failed

(/usr/lib/firefox/firefox:11453): GLib-GObject-CRITICAL **: g_object_ref: assertion &#039;object-&gt;ref_count &gt; 0&#039; failed

(/usr/lib/firefox/firefox:11453): GLib-GObject-CRITICAL **: g_object_unref: assertion &#039;object-&gt;ref_count &gt; 0&#039; failed

(/usr/lib/firefox/firefox:11453): GLib-GObject-CRITICAL **: g_object_ref: assertion &#039;object-&gt;ref_count &gt; 0&#039; failed

(/usr/lib/firefox/firefox:11453): GLib-GObject-CRITICAL **: g_object_unref: assertion &#039;object-&gt;ref_count &gt; 0&#039; failed

(/usr/lib/firefox/firefox:11453): GLib-GObject-CRITICAL **: g_object_ref: assertion &#039;object-&gt;ref_count &gt; 0&#039; failed

(/usr/lib/firefox/firefox:11453): GLib-GObject-CRITICAL **: g_object_unref: assertion &#039;object-&gt;ref_count &gt; 0&#039; failed

(/usr/lib/firefox/firefox:11453): GLib-GObject-CRITICAL **: g_object_ref: assertion &#039;object-&gt;ref_count &gt; 0&#039; failed

(/usr/lib/firefox/firefox:11453): GLib-GObject-CRITICAL **: g_object_unref: assertion &#039;object-&gt;ref_count &gt; 0&#039; failed

(/usr/lib/firefox/firefox:11453): GLib-GObject-CRITICAL **: g_object_ref: assertion &#039;object-&gt;ref_count &gt; 0&#039; failed

(/usr/lib/firefox/firefox:11453): GLib-GObject-CRITICAL **: g_object_unref: assertion &#039;object-&gt;ref_count &gt; 0&#039; failed
1562085033920	addons.xpi	DEBUG	Ignoring file: name is not a valid add-on ID: /tmp/anonymous6591524492904600449webdriver-profile/extensions/webdriver-staging
1562085033921	addons.xpi	DEBUG	Existing add-on formautofill@mozilla.org in app-system-defaults
1562085033921	addons.xpi	DEBUG	Existing add-on screenshots@mozilla.org in app-system-defaults
1562085033922	addons.xpi	DEBUG	Existing add-on webcompat-reporter@mozilla.org in app-system-defaults
1562085033922	addons.xpi	DEBUG	Existing add-on webcompat@mozilla.org in app-system-defaults
1562085033923	addons.xpi	DEBUG	Existing add-on langpack-en-CA@firefox.mozilla.org in app-global
1562085033925	addons.xpi	DEBUG	Existing add-on langpack-en-ZA@firefox.mozilla.org in app-global
1562085033925	addons.xpi	DEBUG	Existing add-on langpack-en-GB@firefox.mozilla.org in app-global
1562085033926	addons.xpi	DEBUG	scanForChanges changed: false, state: {}
JavaScript error: resource://gre/modules/addons/XPIProvider.jsm, line 2614: TypeError: addon is null
1562085034910	addons.xpi-utils	DEBUG	XPI Database saved, setting schema version preference to 28
1562085053920	addons.productaddons	INFO	sending request to: https://aus5.mozilla.org/update/3/GMP/66.0.3/20190410111345/Linux_x86_64-gcc3/null/release-cck-ubuntu/Linux%204.2.0-34-generic%20(GTK%203.10.8%2Clibpulse%204.0.0)/canonical/1.0/update.xml
1562085054217	addons.productaddons	INFO	Completed downloading document
1562085054499	addons.productaddons	INFO	downloadXHR File download. status=200
1562085054505	addons.productaddons	INFO	Downloaded file will be saved to /tmp/tmpaddon-bcf4a1

Build info: version: &#039;2.53.0&#039;, revision: &#039;35ae25b1534ae328c771e0856c93e187490ca824&#039;, time: &#039;2016-03-15 10:43:46&#039;
System info: host: &#039;tester-VirtualBox&#039;, ip: &#039;127.0.1.1&#039;, os.name: &#039;Linux&#039;, os.arch: &#039;amd64&#039;, os.version: &#039;4.2.0-34-generic&#039;, java.version: &#039;1.8.0_72-internal&#039;
Driver info: driver.version: FirefoxDriver">
      <![CDATA[org.openqa.selenium.WebDriverException: Failed to connect to binary FirefoxBinary(/usr/bin/firefox) on port 7055; process output follows: 
rtion 'object->ref_count > 0' failed

(/usr/lib/firefox/firefox:11453): GLib-GObject-CRITICAL **: g_object_unref: assertion 'object->ref_count > 0' failed

(/usr/lib/firefox/firefox:11453): GLib-GObject-CRITICAL **: g_object_ref: assertion 'object->ref_count > 0' failed

(/usr/lib/firefox/firefox:11453): GLib-GObject-CRITICAL **: g_object_unref: assertion 'object->ref_count > 0' failed

(/usr/lib/firefox/firefox:11453): GLib-GObject-CRITICAL **: g_object_ref: assertion 'object->ref_count > 0' failed

(/usr/lib/firefox/firefox:11453): GLib-GObject-CRITICAL **: g_object_unref: assertion 'object->ref_count > 0' failed

(/usr/lib/firefox/firefox:11453): GLib-GObject-WARNING **: g_object_get_valist: object class 'GtkSettings' has no property named 'gtk-decoration-layout'
1562085033061	addons.manager	DEBUG	Registering upgrade listener for formautofill@mozilla.org

(/usr/lib/firefox/firefox:11453): GLib-GObject-CRITICAL **: g_object_ref: assertion 'object->ref_count > 0' failed

(/usr/lib/firefox/firefox:11453): GLib-GObject-CRITICAL **: g_object_unref: assertion 'object->ref_count > 0' failed

(/usr/lib/firefox/firefox:11453): GLib-GObject-CRITICAL **: g_object_ref: assertion 'object->ref_count > 0' failed

(/usr/lib/firefox/firefox:11453): GLib-GObject-CRITICAL **: g_object_unref: assertion 'object->ref_count > 0' failed

(/usr/lib/firefox/firefox:11453): GLib-GObject-CRITICAL **: g_object_ref: assertion 'object->ref_count > 0' failed

(/usr/lib/firefox/firefox:11453): GLib-GObject-CRITICAL **: g_object_unref: assertion 'object->ref_count > 0' failed

(/usr/lib/firefox/firefox:11453): GLib-GObject-CRITICAL **: g_object_ref: assertion 'object->ref_count > 0' failed

(/usr/lib/firefox/firefox:11453): GLib-GObject-CRITICAL **: g_object_unref: assertion 'object->ref_count > 0' failed

(/usr/lib/firefox/firefox:11453): GLib-GObject-CRITICAL **: g_object_ref: assertion 'object->ref_count > 0' failed

(/usr/lib/firefox/firefox:11453): GLib-GObject-CRITICAL **: g_object_unref: assertion 'object->ref_count > 0' failed

(/usr/lib/firefox/firefox:11453): GLib-GObject-CRITICAL **: g_object_ref: assertion 'object->ref_count > 0' failed

(/usr/lib/firefox/firefox:11453): GLib-GObject-CRITICAL **: g_object_unref: assertion 'object->ref_count > 0' failed

(/usr/lib/firefox/firefox:11453): GLib-GObject-CRITICAL **: g_object_ref: assertion 'object->ref_count > 0' failed

(/usr/lib/firefox/firefox:11453): GLib-GObject-CRITICAL **: g_object_unref: assertion 'object->ref_count > 0' failed
1562085033920	addons.xpi	DEBUG	Ignoring file: name is not a valid add-on ID: /tmp/anonymous6591524492904600449webdriver-profile/extensions/webdriver-staging
1562085033921	addons.xpi	DEBUG	Existing add-on formautofill@mozilla.org in app-system-defaults
1562085033921	addons.xpi	DEBUG	Existing add-on screenshots@mozilla.org in app-system-defaults
1562085033922	addons.xpi	DEBUG	Existing add-on webcompat-reporter@mozilla.org in app-system-defaults
1562085033922	addons.xpi	DEBUG	Existing add-on webcompat@mozilla.org in app-system-defaults
1562085033923	addons.xpi	DEBUG	Existing add-on langpack-en-CA@firefox.mozilla.org in app-global
1562085033925	addons.xpi	DEBUG	Existing add-on langpack-en-ZA@firefox.mozilla.org in app-global
1562085033925	addons.xpi	DEBUG	Existing add-on langpack-en-GB@firefox.mozilla.org in app-global
1562085033926	addons.xpi	DEBUG	scanForChanges changed: false, state: {}
JavaScript error: resource://gre/modules/addons/XPIProvider.jsm, line 2614: TypeError: addon is null
1562085034910	addons.xpi-utils	DEBUG	XPI Database saved, setting schema version preference to 28
1562085053920	addons.productaddons	INFO	sending request to: https://aus5.mozilla.org/update/3/GMP/66.0.3/20190410111345/Linux_x86_64-gcc3/null/release-cck-ubuntu/Linux%204.2.0-34-generic%20(GTK%203.10.8%2Clibpulse%204.0.0)/canonical/1.0/update.xml
1562085054217	addons.productaddons	INFO	Completed downloading document
1562085054499	addons.productaddons	INFO	downloadXHR File download. status=200
1562085054505	addons.productaddons	INFO	Downloaded file will be saved to /tmp/tmpaddon-bcf4a1

Build info: version: '2.53.0', revision: '35ae25b1534ae328c771e0856c93e187490ca824', time: '2016-03-15 10:43:46'
System info: host: 'tester-VirtualBox', ip: '127.0.1.1', os.name: 'Linux', os.arch: 'amd64', os.version: '4.2.0-34-generic', java.version: '1.8.0_72-internal'
Driver info: driver.version: FirefoxDriver
	at org.openqa.selenium.firefox.internal.NewProfileExtensionConnection.start(NewProfileExtensionConnection.java:125)
	at org.openqa.selenium.firefox.FirefoxDriver.startClient(FirefoxDriver.java:271)
	at org.openqa.selenium.remote.RemoteWebDriver.<init>(RemoteWebDriver.java:119)
	at org.openqa.selenium.firefox.FirefoxDriver.<init>(FirefoxDriver.java:216)
	at org.openqa.selenium.firefox.FirefoxDriver.<init>(FirefoxDriver.java:211)
	at org.openqa.selenium.firefox.FirefoxDriver.<init>(FirefoxDriver.java:207)
	at org.openqa.selenium.firefox.FirefoxDriver.<init>(FirefoxDriver.java:120)
	at domaci.Zadatak1.setupSelenium(Zadatak1.java:40)
	at sun.reflect.NativeMethodAccessorImpl.invoke0(Native Method)
	at sun.reflect.NativeMethodAccessorImpl.invoke(NativeMethodAccessorImpl.java:62)
	at sun.reflect.DelegatingMethodAccessorImpl.invoke(DelegatingMethodAccessorImpl.java:43)
	at java.lang.reflect.Method.invoke(Method.java:498)
	at org.testng.internal.MethodInvocationHelper.invokeMethod(MethodInvocationHelper.java:80)
	at org.testng.internal.Invoker.invokeConfigurationMethod(Invoker.java:551)
	at org.testng.internal.Invoker.invokeConfigurations(Invoker.java:213)
	at org.testng.internal.Invoker.invokeConfigurations(Invoker.java:138)
	at org.testng.SuiteRunner.privateRun(SuiteRunner.java:277)
	at org.testng.SuiteRunner.run(SuiteRunner.java:240)
	at org.testng.SuiteRunnerWorker.runSuite(SuiteRunnerWorker.java:53)
	at org.testng.SuiteRunnerWorker.run(SuiteRunnerWorker.java:87)
	at org.testng.TestNG.runSuitesSequentially(TestNG.java:1188)
	at org.testng.TestNG.runSuitesLocally(TestNG.java:1113)
	at org.testng.TestNG.run(TestNG.java:1025)
	at org.testng.remote.AbstractRemoteTestNG.run(AbstractRemoteTestNG.java:114)
	at org.testng.remote.RemoteTestNG.initAndRun(RemoteTestNG.java:251)
	at org.testng.remote.RemoteTestNG.main(RemoteTestNG.java:77)
Caused by: org.openqa.selenium.firefox.NotConnectedException: Unable to connect to host 127.0.0.1 on port 7055 after 45000 ms. Firefox console output:
rtion 'object->ref_count > 0' failed

(/usr/lib/firefox/firefox:11453): GLib-GObject-CRITICAL **: g_object_unref: assertion 'object->ref_count > 0' failed

(/usr/lib/firefox/firefox:11453): GLib-GObject-CRITICAL **: g_object_ref: assertion 'object->ref_count > 0' failed

(/usr/lib/firefox/firefox:11453): GLib-GObject-CRITICAL **: g_object_unref: assertion 'object->ref_count > 0' failed

(/usr/lib/firefox/firefox:11453): GLib-GObject-CRITICAL **: g_object_ref: assertion 'object->ref_count > 0' failed

(/usr/lib/firefox/firefox:11453): GLib-GObject-CRITICAL **: g_object_unref: assertion 'object->ref_count > 0' failed

(/usr/lib/firefox/firefox:11453): GLib-GObject-WARNING **: g_object_get_valist: object class 'GtkSettings' has no property named 'gtk-decoration-layout'
1562085033061	addons.manager	DEBUG	Registering upgrade listener for formautofill@mozilla.org

(/usr/lib/firefox/firefox:11453): GLib-GObject-CRITICAL **: g_object_ref: assertion 'object->ref_count > 0' failed

(/usr/lib/firefox/firefox:11453): GLib-GObject-CRITICAL **: g_object_unref: assertion 'object->ref_count > 0' failed

(/usr/lib/firefox/firefox:11453): GLib-GObject-CRITICAL **: g_object_ref: assertion 'object->ref_count > 0' failed

(/usr/lib/firefox/firefox:11453): GLib-GObject-CRITICAL **: g_object_unref: assertion 'object->ref_count > 0' failed

(/usr/lib/firefox/firefox:11453): GLib-GObject-CRITICAL **: g_object_ref: assertion 'object->ref_count > 0' failed

(/usr/lib/firefox/firefox:11453): GLib-GObject-CRITICAL **: g_object_unref: assertion 'object->ref_count > 0' failed

(/usr/lib/firefox/firefox:11453): GLib-GObject-CRITICAL **: g_object_ref: assertion 'object->ref_count > 0' failed

(/usr/lib/firefox/firefox:11453): GLib-GObject-CRITICAL **: g_object_unref: assertion 'object->ref_count > 0' failed

(/usr/lib/firefox/firefox:11453): GLib-GObject-CRITICAL **: g_object_ref: assertion 'object->ref_count > 0' failed

(/usr/lib/firefox/firefox:11453): GLib-GObject-CRITICAL **: g_object_unref: assertion 'object->ref_count > 0' failed

(/usr/lib/firefox/firefox:11453): GLib-GObject-CRITICAL **: g_object_ref: assertion 'object->ref_count > 0' failed

(/usr/lib/firefox/firefox:11453): GLib-GObject-CRITICAL **: g_object_unref: assertion 'object->ref_count > 0' failed

(/usr/lib/firefox/firefox:11453): GLib-GObject-CRITICAL **: g_object_ref: assertion 'object->ref_count > 0' failed

(/usr/lib/firefox/firefox:11453): GLib-GObject-CRITICAL **: g_object_unref: assertion 'object->ref_count > 0' failed
1562085033920	addons.xpi	DEBUG	Ignoring file: name is not a valid add-on ID: /tmp/anonymous6591524492904600449webdriver-profile/extensions/webdriver-staging
1562085033921	addons.xpi	DEBUG	Existing add-on formautofill@mozilla.org in app-system-defaults
1562085033921	addons.xpi	DEBUG	Existing add-on screenshots@mozilla.org in app-system-defaults
1562085033922	addons.xpi	DEBUG	Existing add-on webcompat-reporter@mozilla.org in app-system-defaults
1562085033922	addons.xpi	DEBUG	Existing add-on webcompat@mozilla.org in app-system-defaults
1562085033923	addons.xpi	DEBUG	Existing add-on langpack-en-CA@firefox.mozilla.org in app-global
1562085033925	addons.xpi	DEBUG	Existing add-on langpack-en-ZA@firefox.mozilla.org in app-global
1562085033925	addons.xpi	DEBUG	Existing add-on langpack-en-GB@firefox.mozilla.org in app-global
1562085033926	addons.xpi	DEBUG	scanForChanges changed: false, state: {}
JavaScript error: resource://gre/modules/addons/XPIProvider.jsm, line 2614: TypeError: addon is null
1562085034910	addons.xpi-utils	DEBUG	XPI Database saved, setting schema version preference to 28
1562085053920	addons.productaddons	INFO	sending request to: https://aus5.mozilla.org/update/3/GMP/66.0.3/20190410111345/Linux_x86_64-gcc3/null/release-cck-ubuntu/Linux%204.2.0-34-generic%20(GTK%203.10.8%2Clibpulse%204.0.0)/canonical/1.0/update.xml
1562085054217	addons.productaddons	INFO	Completed downloading document
1562085054499	addons.productaddons	INFO	downloadXHR File download. status=200
1562085054505	addons.productaddons	INFO	Downloaded file will be saved to /tmp/tmpaddon-bcf4a1

	at org.openqa.selenium.firefox.internal.NewProfileExtensionConnection.start(NewProfileExtensionConnection.java:113)
	... 25 more
]]>
    </failure>
  </testcase> <!-- addFirstStudent -->
  <testcase name="deleteAllStudents" time="0.009" classname="domaci.Zadatak1">
    <failure type="org.openqa.selenium.WebDriverException" message="Failed to connect to binary FirefoxBinary(/usr/bin/firefox) on port 7055; process output follows: 
rtion &#039;object-&gt;ref_count &gt; 0&#039; failed

(/usr/lib/firefox/firefox:11453): GLib-GObject-CRITICAL **: g_object_unref: assertion &#039;object-&gt;ref_count &gt; 0&#039; failed

(/usr/lib/firefox/firefox:11453): GLib-GObject-CRITICAL **: g_object_ref: assertion &#039;object-&gt;ref_count &gt; 0&#039; failed

(/usr/lib/firefox/firefox:11453): GLib-GObject-CRITICAL **: g_object_unref: assertion &#039;object-&gt;ref_count &gt; 0&#039; failed

(/usr/lib/firefox/firefox:11453): GLib-GObject-CRITICAL **: g_object_ref: assertion &#039;object-&gt;ref_count &gt; 0&#039; failed

(/usr/lib/firefox/firefox:11453): GLib-GObject-CRITICAL **: g_object_unref: assertion &#039;object-&gt;ref_count &gt; 0&#039; failed

(/usr/lib/firefox/firefox:11453): GLib-GObject-WARNING **: g_object_get_valist: object class &#039;GtkSettings&#039; has no property named &#039;gtk-decoration-layout&#039;
1562085033061	addons.manager	DEBUG	Registering upgrade listener for formautofill@mozilla.org

(/usr/lib/firefox/firefox:11453): GLib-GObject-CRITICAL **: g_object_ref: assertion &#039;object-&gt;ref_count &gt; 0&#039; failed

(/usr/lib/firefox/firefox:11453): GLib-GObject-CRITICAL **: g_object_unref: assertion &#039;object-&gt;ref_count &gt; 0&#039; failed

(/usr/lib/firefox/firefox:11453): GLib-GObject-CRITICAL **: g_object_ref: assertion &#039;object-&gt;ref_count &gt; 0&#039; failed

(/usr/lib/firefox/firefox:11453): GLib-GObject-CRITICAL **: g_object_unref: assertion &#039;object-&gt;ref_count &gt; 0&#039; failed

(/usr/lib/firefox/firefox:11453): GLib-GObject-CRITICAL **: g_object_ref: assertion &#039;object-&gt;ref_count &gt; 0&#039; failed

(/usr/lib/firefox/firefox:11453): GLib-GObject-CRITICAL **: g_object_unref: assertion &#039;object-&gt;ref_count &gt; 0&#039; failed

(/usr/lib/firefox/firefox:11453): GLib-GObject-CRITICAL **: g_object_ref: assertion &#039;object-&gt;ref_count &gt; 0&#039; failed

(/usr/lib/firefox/firefox:11453): GLib-GObject-CRITICAL **: g_object_unref: assertion &#039;object-&gt;ref_count &gt; 0&#039; failed

(/usr/lib/firefox/firefox:11453): GLib-GObject-CRITICAL **: g_object_ref: assertion &#039;object-&gt;ref_count &gt; 0&#039; failed

(/usr/lib/firefox/firefox:11453): GLib-GObject-CRITICAL **: g_object_unref: assertion &#039;object-&gt;ref_count &gt; 0&#039; failed

(/usr/lib/firefox/firefox:11453): GLib-GObject-CRITICAL **: g_object_ref: assertion &#039;object-&gt;ref_count &gt; 0&#039; failed

(/usr/lib/firefox/firefox:11453): GLib-GObject-CRITICAL **: g_object_unref: assertion &#039;object-&gt;ref_count &gt; 0&#039; failed

(/usr/lib/firefox/firefox:11453): GLib-GObject-CRITICAL **: g_object_ref: assertion &#039;object-&gt;ref_count &gt; 0&#039; failed

(/usr/lib/firefox/firefox:11453): GLib-GObject-CRITICAL **: g_object_unref: assertion &#039;object-&gt;ref_count &gt; 0&#039; failed
1562085033920	addons.xpi	DEBUG	Ignoring file: name is not a valid add-on ID: /tmp/anonymous6591524492904600449webdriver-profile/extensions/webdriver-staging
1562085033921	addons.xpi	DEBUG	Existing add-on formautofill@mozilla.org in app-system-defaults
1562085033921	addons.xpi	DEBUG	Existing add-on screenshots@mozilla.org in app-system-defaults
1562085033922	addons.xpi	DEBUG	Existing add-on webcompat-reporter@mozilla.org in app-system-defaults
1562085033922	addons.xpi	DEBUG	Existing add-on webcompat@mozilla.org in app-system-defaults
1562085033923	addons.xpi	DEBUG	Existing add-on langpack-en-CA@firefox.mozilla.org in app-global
1562085033925	addons.xpi	DEBUG	Existing add-on langpack-en-ZA@firefox.mozilla.org in app-global
1562085033925	addons.xpi	DEBUG	Existing add-on langpack-en-GB@firefox.mozilla.org in app-global
1562085033926	addons.xpi	DEBUG	scanForChanges changed: false, state: {}
JavaScript error: resource://gre/modules/addons/XPIProvider.jsm, line 2614: TypeError: addon is null
1562085034910	addons.xpi-utils	DEBUG	XPI Database saved, setting schema version preference to 28
1562085053920	addons.productaddons	INFO	sending request to: https://aus5.mozilla.org/update/3/GMP/66.0.3/20190410111345/Linux_x86_64-gcc3/null/release-cck-ubuntu/Linux%204.2.0-34-generic%20(GTK%203.10.8%2Clibpulse%204.0.0)/canonical/1.0/update.xml
1562085054217	addons.productaddons	INFO	Completed downloading document
1562085054499	addons.productaddons	INFO	downloadXHR File download. status=200
1562085054505	addons.productaddons	INFO	Downloaded file will be saved to /tmp/tmpaddon-bcf4a1

Build info: version: &#039;2.53.0&#039;, revision: &#039;35ae25b1534ae328c771e0856c93e187490ca824&#039;, time: &#039;2016-03-15 10:43:46&#039;
System info: host: &#039;tester-VirtualBox&#039;, ip: &#039;127.0.1.1&#039;, os.name: &#039;Linux&#039;, os.arch: &#039;amd64&#039;, os.version: &#039;4.2.0-34-generic&#039;, java.version: &#039;1.8.0_72-internal&#039;
Driver info: driver.version: FirefoxDriver">
      <![CDATA[org.openqa.selenium.WebDriverException: Failed to connect to binary FirefoxBinary(/usr/bin/firefox) on port 7055; process output follows: 
rtion 'object->ref_count > 0' failed

(/usr/lib/firefox/firefox:11453): GLib-GObject-CRITICAL **: g_object_unref: assertion 'object->ref_count > 0' failed

(/usr/lib/firefox/firefox:11453): GLib-GObject-CRITICAL **: g_object_ref: assertion 'object->ref_count > 0' failed

(/usr/lib/firefox/firefox:11453): GLib-GObject-CRITICAL **: g_object_unref: assertion 'object->ref_count > 0' failed

(/usr/lib/firefox/firefox:11453): GLib-GObject-CRITICAL **: g_object_ref: assertion 'object->ref_count > 0' failed

(/usr/lib/firefox/firefox:11453): GLib-GObject-CRITICAL **: g_object_unref: assertion 'object->ref_count > 0' failed

(/usr/lib/firefox/firefox:11453): GLib-GObject-WARNING **: g_object_get_valist: object class 'GtkSettings' has no property named 'gtk-decoration-layout'
1562085033061	addons.manager	DEBUG	Registering upgrade listener for formautofill@mozilla.org

(/usr/lib/firefox/firefox:11453): GLib-GObject-CRITICAL **: g_object_ref: assertion 'object->ref_count > 0' failed

(/usr/lib/firefox/firefox:11453): GLib-GObject-CRITICAL **: g_object_unref: assertion 'object->ref_count > 0' failed

(/usr/lib/firefox/firefox:11453): GLib-GObject-CRITICAL **: g_object_ref: assertion 'object->ref_count > 0' failed

(/usr/lib/firefox/firefox:11453): GLib-GObject-CRITICAL **: g_object_unref: assertion 'object->ref_count > 0' failed

(/usr/lib/firefox/firefox:11453): GLib-GObject-CRITICAL **: g_object_ref: assertion 'object->ref_count > 0' failed

(/usr/lib/firefox/firefox:11453): GLib-GObject-CRITICAL **: g_object_unref: assertion 'object->ref_count > 0' failed

(/usr/lib/firefox/firefox:11453): GLib-GObject-CRITICAL **: g_object_ref: assertion 'object->ref_count > 0' failed

(/usr/lib/firefox/firefox:11453): GLib-GObject-CRITICAL **: g_object_unref: assertion 'object->ref_count > 0' failed

(/usr/lib/firefox/firefox:11453): GLib-GObject-CRITICAL **: g_object_ref: assertion 'object->ref_count > 0' failed

(/usr/lib/firefox/firefox:11453): GLib-GObject-CRITICAL **: g_object_unref: assertion 'object->ref_count > 0' failed

(/usr/lib/firefox/firefox:11453): GLib-GObject-CRITICAL **: g_object_ref: assertion 'object->ref_count > 0' failed

(/usr/lib/firefox/firefox:11453): GLib-GObject-CRITICAL **: g_object_unref: assertion 'object->ref_count > 0' failed

(/usr/lib/firefox/firefox:11453): GLib-GObject-CRITICAL **: g_object_ref: assertion 'object->ref_count > 0' failed

(/usr/lib/firefox/firefox:11453): GLib-GObject-CRITICAL **: g_object_unref: assertion 'object->ref_count > 0' failed
1562085033920	addons.xpi	DEBUG	Ignoring file: name is not a valid add-on ID: /tmp/anonymous6591524492904600449webdriver-profile/extensions/webdriver-staging
1562085033921	addons.xpi	DEBUG	Existing add-on formautofill@mozilla.org in app-system-defaults
1562085033921	addons.xpi	DEBUG	Existing add-on screenshots@mozilla.org in app-system-defaults
1562085033922	addons.xpi	DEBUG	Existing add-on webcompat-reporter@mozilla.org in app-system-defaults
1562085033922	addons.xpi	DEBUG	Existing add-on webcompat@mozilla.org in app-system-defaults
1562085033923	addons.xpi	DEBUG	Existing add-on langpack-en-CA@firefox.mozilla.org in app-global
1562085033925	addons.xpi	DEBUG	Existing add-on langpack-en-ZA@firefox.mozilla.org in app-global
1562085033925	addons.xpi	DEBUG	Existing add-on langpack-en-GB@firefox.mozilla.org in app-global
1562085033926	addons.xpi	DEBUG	scanForChanges changed: false, state: {}
JavaScript error: resource://gre/modules/addons/XPIProvider.jsm, line 2614: TypeError: addon is null
1562085034910	addons.xpi-utils	DEBUG	XPI Database saved, setting schema version preference to 28
1562085053920	addons.productaddons	INFO	sending request to: https://aus5.mozilla.org/update/3/GMP/66.0.3/20190410111345/Linux_x86_64-gcc3/null/release-cck-ubuntu/Linux%204.2.0-34-generic%20(GTK%203.10.8%2Clibpulse%204.0.0)/canonical/1.0/update.xml
1562085054217	addons.productaddons	INFO	Completed downloading document
1562085054499	addons.productaddons	INFO	downloadXHR File download. status=200
1562085054505	addons.productaddons	INFO	Downloaded file will be saved to /tmp/tmpaddon-bcf4a1

Build info: version: '2.53.0', revision: '35ae25b1534ae328c771e0856c93e187490ca824', time: '2016-03-15 10:43:46'
System info: host: 'tester-VirtualBox', ip: '127.0.1.1', os.name: 'Linux', os.arch: 'amd64', os.version: '4.2.0-34-generic', java.version: '1.8.0_72-internal'
Driver info: driver.version: FirefoxDriver
	at org.openqa.selenium.firefox.internal.NewProfileExtensionConnection.start(NewProfileExtensionConnection.java:125)
	at org.openqa.selenium.firefox.FirefoxDriver.startClient(FirefoxDriver.java:271)
	at org.openqa.selenium.remote.RemoteWebDriver.<init>(RemoteWebDriver.java:119)
	at org.openqa.selenium.firefox.FirefoxDriver.<init>(FirefoxDriver.java:216)
	at org.openqa.selenium.firefox.FirefoxDriver.<init>(FirefoxDriver.java:211)
	at org.openqa.selenium.firefox.FirefoxDriver.<init>(FirefoxDriver.java:207)
	at org.openqa.selenium.firefox.FirefoxDriver.<init>(FirefoxDriver.java:120)
	at domaci.Zadatak1.setupSelenium(Zadatak1.java:40)
	at sun.reflect.NativeMethodAccessorImpl.invoke0(Native Method)
	at sun.reflect.NativeMethodAccessorImpl.invoke(NativeMethodAccessorImpl.java:62)
	at sun.reflect.DelegatingMethodAccessorImpl.invoke(DelegatingMethodAccessorImpl.java:43)
	at java.lang.reflect.Method.invoke(Method.java:498)
	at org.testng.internal.MethodInvocationHelper.invokeMethod(MethodInvocationHelper.java:80)
	at org.testng.internal.Invoker.invokeConfigurationMethod(Invoker.java:551)
	at org.testng.internal.Invoker.invokeConfigurations(Invoker.java:213)
	at org.testng.internal.Invoker.invokeConfigurations(Invoker.java:138)
	at org.testng.SuiteRunner.privateRun(SuiteRunner.java:277)
	at org.testng.SuiteRunner.run(SuiteRunner.java:240)
	at org.testng.SuiteRunnerWorker.runSuite(SuiteRunnerWorker.java:53)
	at org.testng.SuiteRunnerWorker.run(SuiteRunnerWorker.java:87)
	at org.testng.TestNG.runSuitesSequentially(TestNG.java:1188)
	at org.testng.TestNG.runSuitesLocally(TestNG.java:1113)
	at org.testng.TestNG.run(TestNG.java:1025)
	at org.testng.remote.AbstractRemoteTestNG.run(AbstractRemoteTestNG.java:114)
	at org.testng.remote.RemoteTestNG.initAndRun(RemoteTestNG.java:251)
	at org.testng.remote.RemoteTestNG.main(RemoteTestNG.java:77)
Caused by: org.openqa.selenium.firefox.NotConnectedException: Unable to connect to host 127.0.0.1 on port 7055 after 45000 ms. Firefox console output:
rtion 'object->ref_count > 0' failed

(/usr/lib/firefox/firefox:11453): GLib-GObject-CRITICAL **: g_object_unref: assertion 'object->ref_count > 0' failed

(/usr/lib/firefox/firefox:11453): GLib-GObject-CRITICAL **: g_object_ref: assertion 'object->ref_count > 0' failed

(/usr/lib/firefox/firefox:11453): GLib-GObject-CRITICAL **: g_object_unref: assertion 'object->ref_count > 0' failed

(/usr/lib/firefox/firefox:11453): GLib-GObject-CRITICAL **: g_object_ref: assertion 'object->ref_count > 0' failed

(/usr/lib/firefox/firefox:11453): GLib-GObject-CRITICAL **: g_object_unref: assertion 'object->ref_count > 0' failed

(/usr/lib/firefox/firefox:11453): GLib-GObject-WARNING **: g_object_get_valist: object class 'GtkSettings' has no property named 'gtk-decoration-layout'
1562085033061	addons.manager	DEBUG	Registering upgrade listener for formautofill@mozilla.org

(/usr/lib/firefox/firefox:11453): GLib-GObject-CRITICAL **: g_object_ref: assertion 'object->ref_count > 0' failed

(/usr/lib/firefox/firefox:11453): GLib-GObject-CRITICAL **: g_object_unref: assertion 'object->ref_count > 0' failed

(/usr/lib/firefox/firefox:11453): GLib-GObject-CRITICAL **: g_object_ref: assertion 'object->ref_count > 0' failed

(/usr/lib/firefox/firefox:11453): GLib-GObject-CRITICAL **: g_object_unref: assertion 'object->ref_count > 0' failed

(/usr/lib/firefox/firefox:11453): GLib-GObject-CRITICAL **: g_object_ref: assertion 'object->ref_count > 0' failed

(/usr/lib/firefox/firefox:11453): GLib-GObject-CRITICAL **: g_object_unref: assertion 'object->ref_count > 0' failed

(/usr/lib/firefox/firefox:11453): GLib-GObject-CRITICAL **: g_object_ref: assertion 'object->ref_count > 0' failed

(/usr/lib/firefox/firefox:11453): GLib-GObject-CRITICAL **: g_object_unref: assertion 'object->ref_count > 0' failed

(/usr/lib/firefox/firefox:11453): GLib-GObject-CRITICAL **: g_object_ref: assertion 'object->ref_count > 0' failed

(/usr/lib/firefox/firefox:11453): GLib-GObject-CRITICAL **: g_object_unref: assertion 'object->ref_count > 0' failed

(/usr/lib/firefox/firefox:11453): GLib-GObject-CRITICAL **: g_object_ref: assertion 'object->ref_count > 0' failed

(/usr/lib/firefox/firefox:11453): GLib-GObject-CRITICAL **: g_object_unref: assertion 'object->ref_count > 0' failed

(/usr/lib/firefox/firefox:11453): GLib-GObject-CRITICAL **: g_object_ref: assertion 'object->ref_count > 0' failed

(/usr/lib/firefox/firefox:11453): GLib-GObject-CRITICAL **: g_object_unref: assertion 'object->ref_count > 0' failed
1562085033920	addons.xpi	DEBUG	Ignoring file: name is not a valid add-on ID: /tmp/anonymous6591524492904600449webdriver-profile/extensions/webdriver-staging
1562085033921	addons.xpi	DEBUG	Existing add-on formautofill@mozilla.org in app-system-defaults
1562085033921	addons.xpi	DEBUG	Existing add-on screenshots@mozilla.org in app-system-defaults
1562085033922	addons.xpi	DEBUG	Existing add-on webcompat-reporter@mozilla.org in app-system-defaults
1562085033922	addons.xpi	DEBUG	Existing add-on webcompat@mozilla.org in app-system-defaults
1562085033923	addons.xpi	DEBUG	Existing add-on langpack-en-CA@firefox.mozilla.org in app-global
1562085033925	addons.xpi	DEBUG	Existing add-on langpack-en-ZA@firefox.mozilla.org in app-global
1562085033925	addons.xpi	DEBUG	Existing add-on langpack-en-GB@firefox.mozilla.org in app-global
1562085033926	addons.xpi	DEBUG	scanForChanges changed: false, state: {}
JavaScript error: resource://gre/modules/addons/XPIProvider.jsm, line 2614: TypeError: addon is null
1562085034910	addons.xpi-utils	DEBUG	XPI Database saved, setting schema version preference to 28
1562085053920	addons.productaddons	INFO	sending request to: https://aus5.mozilla.org/update/3/GMP/66.0.3/20190410111345/Linux_x86_64-gcc3/null/release-cck-ubuntu/Linux%204.2.0-34-generic%20(GTK%203.10.8%2Clibpulse%204.0.0)/canonical/1.0/update.xml
1562085054217	addons.productaddons	INFO	Completed downloading document
1562085054499	addons.productaddons	INFO	downloadXHR File download. status=200
1562085054505	addons.productaddons	INFO	Downloaded file will be saved to /tmp/tmpaddon-bcf4a1

	at org.openqa.selenium.firefox.internal.NewProfileExtensionConnection.start(NewProfileExtensionConnection.java:113)
	... 25 more
]]>
    </failure>
  </testcase> <!-- deleteAllStudents -->
  <testcase name="login" time="0.012" classname="domaci.Zadatak1">
    <failure type="org.openqa.selenium.WebDriverException" message="Failed to connect to binary FirefoxBinary(/usr/bin/firefox) on port 7055; process output follows: 
rtion &#039;object-&gt;ref_count &gt; 0&#039; failed

(/usr/lib/firefox/firefox:11453): GLib-GObject-CRITICAL **: g_object_unref: assertion &#039;object-&gt;ref_count &gt; 0&#039; failed

(/usr/lib/firefox/firefox:11453): GLib-GObject-CRITICAL **: g_object_ref: assertion &#039;object-&gt;ref_count &gt; 0&#039; failed

(/usr/lib/firefox/firefox:11453): GLib-GObject-CRITICAL **: g_object_unref: assertion &#039;object-&gt;ref_count &gt; 0&#039; failed

(/usr/lib/firefox/firefox:11453): GLib-GObject-CRITICAL **: g_object_ref: assertion &#039;object-&gt;ref_count &gt; 0&#039; failed

(/usr/lib/firefox/firefox:11453): GLib-GObject-CRITICAL **: g_object_unref: assertion &#039;object-&gt;ref_count &gt; 0&#039; failed

(/usr/lib/firefox/firefox:11453): GLib-GObject-WARNING **: g_object_get_valist: object class &#039;GtkSettings&#039; has no property named &#039;gtk-decoration-layout&#039;
1562085033061	addons.manager	DEBUG	Registering upgrade listener for formautofill@mozilla.org

(/usr/lib/firefox/firefox:11453): GLib-GObject-CRITICAL **: g_object_ref: assertion &#039;object-&gt;ref_count &gt; 0&#039; failed

(/usr/lib/firefox/firefox:11453): GLib-GObject-CRITICAL **: g_object_unref: assertion &#039;object-&gt;ref_count &gt; 0&#039; failed

(/usr/lib/firefox/firefox:11453): GLib-GObject-CRITICAL **: g_object_ref: assertion &#039;object-&gt;ref_count &gt; 0&#039; failed

(/usr/lib/firefox/firefox:11453): GLib-GObject-CRITICAL **: g_object_unref: assertion &#039;object-&gt;ref_count &gt; 0&#039; failed

(/usr/lib/firefox/firefox:11453): GLib-GObject-CRITICAL **: g_object_ref: assertion &#039;object-&gt;ref_count &gt; 0&#039; failed

(/usr/lib/firefox/firefox:11453): GLib-GObject-CRITICAL **: g_object_unref: assertion &#039;object-&gt;ref_count &gt; 0&#039; failed

(/usr/lib/firefox/firefox:11453): GLib-GObject-CRITICAL **: g_object_ref: assertion &#039;object-&gt;ref_count &gt; 0&#039; failed

(/usr/lib/firefox/firefox:11453): GLib-GObject-CRITICAL **: g_object_unref: assertion &#039;object-&gt;ref_count &gt; 0&#039; failed

(/usr/lib/firefox/firefox:11453): GLib-GObject-CRITICAL **: g_object_ref: assertion &#039;object-&gt;ref_count &gt; 0&#039; failed

(/usr/lib/firefox/firefox:11453): GLib-GObject-CRITICAL **: g_object_unref: assertion &#039;object-&gt;ref_count &gt; 0&#039; failed

(/usr/lib/firefox/firefox:11453): GLib-GObject-CRITICAL **: g_object_ref: assertion &#039;object-&gt;ref_count &gt; 0&#039; failed

(/usr/lib/firefox/firefox:11453): GLib-GObject-CRITICAL **: g_object_unref: assertion &#039;object-&gt;ref_count &gt; 0&#039; failed

(/usr/lib/firefox/firefox:11453): GLib-GObject-CRITICAL **: g_object_ref: assertion &#039;object-&gt;ref_count &gt; 0&#039; failed

(/usr/lib/firefox/firefox:11453): GLib-GObject-CRITICAL **: g_object_unref: assertion &#039;object-&gt;ref_count &gt; 0&#039; failed
1562085033920	addons.xpi	DEBUG	Ignoring file: name is not a valid add-on ID: /tmp/anonymous6591524492904600449webdriver-profile/extensions/webdriver-staging
1562085033921	addons.xpi	DEBUG	Existing add-on formautofill@mozilla.org in app-system-defaults
1562085033921	addons.xpi	DEBUG	Existing add-on screenshots@mozilla.org in app-system-defaults
1562085033922	addons.xpi	DEBUG	Existing add-on webcompat-reporter@mozilla.org in app-system-defaults
1562085033922	addons.xpi	DEBUG	Existing add-on webcompat@mozilla.org in app-system-defaults
1562085033923	addons.xpi	DEBUG	Existing add-on langpack-en-CA@firefox.mozilla.org in app-global
1562085033925	addons.xpi	DEBUG	Existing add-on langpack-en-ZA@firefox.mozilla.org in app-global
1562085033925	addons.xpi	DEBUG	Existing add-on langpack-en-GB@firefox.mozilla.org in app-global
1562085033926	addons.xpi	DEBUG	scanForChanges changed: false, state: {}
JavaScript error: resource://gre/modules/addons/XPIProvider.jsm, line 2614: TypeError: addon is null
1562085034910	addons.xpi-utils	DEBUG	XPI Database saved, setting schema version preference to 28
1562085053920	addons.productaddons	INFO	sending request to: https://aus5.mozilla.org/update/3/GMP/66.0.3/20190410111345/Linux_x86_64-gcc3/null/release-cck-ubuntu/Linux%204.2.0-34-generic%20(GTK%203.10.8%2Clibpulse%204.0.0)/canonical/1.0/update.xml
1562085054217	addons.productaddons	INFO	Completed downloading document
1562085054499	addons.productaddons	INFO	downloadXHR File download. status=200
1562085054505	addons.productaddons	INFO	Downloaded file will be saved to /tmp/tmpaddon-bcf4a1

Build info: version: &#039;2.53.0&#039;, revision: &#039;35ae25b1534ae328c771e0856c93e187490ca824&#039;, time: &#039;2016-03-15 10:43:46&#039;
System info: host: &#039;tester-VirtualBox&#039;, ip: &#039;127.0.1.1&#039;, os.name: &#039;Linux&#039;, os.arch: &#039;amd64&#039;, os.version: &#039;4.2.0-34-generic&#039;, java.version: &#039;1.8.0_72-internal&#039;
Driver info: driver.version: FirefoxDriver">
      <![CDATA[org.openqa.selenium.WebDriverException: Failed to connect to binary FirefoxBinary(/usr/bin/firefox) on port 7055; process output follows: 
rtion 'object->ref_count > 0' failed

(/usr/lib/firefox/firefox:11453): GLib-GObject-CRITICAL **: g_object_unref: assertion 'object->ref_count > 0' failed

(/usr/lib/firefox/firefox:11453): GLib-GObject-CRITICAL **: g_object_ref: assertion 'object->ref_count > 0' failed

(/usr/lib/firefox/firefox:11453): GLib-GObject-CRITICAL **: g_object_unref: assertion 'object->ref_count > 0' failed

(/usr/lib/firefox/firefox:11453): GLib-GObject-CRITICAL **: g_object_ref: assertion 'object->ref_count > 0' failed

(/usr/lib/firefox/firefox:11453): GLib-GObject-CRITICAL **: g_object_unref: assertion 'object->ref_count > 0' failed

(/usr/lib/firefox/firefox:11453): GLib-GObject-WARNING **: g_object_get_valist: object class 'GtkSettings' has no property named 'gtk-decoration-layout'
1562085033061	addons.manager	DEBUG	Registering upgrade listener for formautofill@mozilla.org

(/usr/lib/firefox/firefox:11453): GLib-GObject-CRITICAL **: g_object_ref: assertion 'object->ref_count > 0' failed

(/usr/lib/firefox/firefox:11453): GLib-GObject-CRITICAL **: g_object_unref: assertion 'object->ref_count > 0' failed

(/usr/lib/firefox/firefox:11453): GLib-GObject-CRITICAL **: g_object_ref: assertion 'object->ref_count > 0' failed

(/usr/lib/firefox/firefox:11453): GLib-GObject-CRITICAL **: g_object_unref: assertion 'object->ref_count > 0' failed

(/usr/lib/firefox/firefox:11453): GLib-GObject-CRITICAL **: g_object_ref: assertion 'object->ref_count > 0' failed

(/usr/lib/firefox/firefox:11453): GLib-GObject-CRITICAL **: g_object_unref: assertion 'object->ref_count > 0' failed

(/usr/lib/firefox/firefox:11453): GLib-GObject-CRITICAL **: g_object_ref: assertion 'object->ref_count > 0' failed

(/usr/lib/firefox/firefox:11453): GLib-GObject-CRITICAL **: g_object_unref: assertion 'object->ref_count > 0' failed

(/usr/lib/firefox/firefox:11453): GLib-GObject-CRITICAL **: g_object_ref: assertion 'object->ref_count > 0' failed

(/usr/lib/firefox/firefox:11453): GLib-GObject-CRITICAL **: g_object_unref: assertion 'object->ref_count > 0' failed

(/usr/lib/firefox/firefox:11453): GLib-GObject-CRITICAL **: g_object_ref: assertion 'object->ref_count > 0' failed

(/usr/lib/firefox/firefox:11453): GLib-GObject-CRITICAL **: g_object_unref: assertion 'object->ref_count > 0' failed

(/usr/lib/firefox/firefox:11453): GLib-GObject-CRITICAL **: g_object_ref: assertion 'object->ref_count > 0' failed

(/usr/lib/firefox/firefox:11453): GLib-GObject-CRITICAL **: g_object_unref: assertion 'object->ref_count > 0' failed
1562085033920	addons.xpi	DEBUG	Ignoring file: name is not a valid add-on ID: /tmp/anonymous6591524492904600449webdriver-profile/extensions/webdriver-staging
1562085033921	addons.xpi	DEBUG	Existing add-on formautofill@mozilla.org in app-system-defaults
1562085033921	addons.xpi	DEBUG	Existing add-on screenshots@mozilla.org in app-system-defaults
1562085033922	addons.xpi	DEBUG	Existing add-on webcompat-reporter@mozilla.org in app-system-defaults
1562085033922	addons.xpi	DEBUG	Existing add-on webcompat@mozilla.org in app-system-defaults
1562085033923	addons.xpi	DEBUG	Existing add-on langpack-en-CA@firefox.mozilla.org in app-global
1562085033925	addons.xpi	DEBUG	Existing add-on langpack-en-ZA@firefox.mozilla.org in app-global
1562085033925	addons.xpi	DEBUG	Existing add-on langpack-en-GB@firefox.mozilla.org in app-global
1562085033926	addons.xpi	DEBUG	scanForChanges changed: false, state: {}
JavaScript error: resource://gre/modules/addons/XPIProvider.jsm, line 2614: TypeError: addon is null
1562085034910	addons.xpi-utils	DEBUG	XPI Database saved, setting schema version preference to 28
1562085053920	addons.productaddons	INFO	sending request to: https://aus5.mozilla.org/update/3/GMP/66.0.3/20190410111345/Linux_x86_64-gcc3/null/release-cck-ubuntu/Linux%204.2.0-34-generic%20(GTK%203.10.8%2Clibpulse%204.0.0)/canonical/1.0/update.xml
1562085054217	addons.productaddons	INFO	Completed downloading document
1562085054499	addons.productaddons	INFO	downloadXHR File download. status=200
1562085054505	addons.productaddons	INFO	Downloaded file will be saved to /tmp/tmpaddon-bcf4a1

Build info: version: '2.53.0', revision: '35ae25b1534ae328c771e0856c93e187490ca824', time: '2016-03-15 10:43:46'
System info: host: 'tester-VirtualBox', ip: '127.0.1.1', os.name: 'Linux', os.arch: 'amd64', os.version: '4.2.0-34-generic', java.version: '1.8.0_72-internal'
Driver info: driver.version: FirefoxDriver
	at org.openqa.selenium.firefox.internal.NewProfileExtensionConnection.start(NewProfileExtensionConnection.java:125)
	at org.openqa.selenium.firefox.FirefoxDriver.startClient(FirefoxDriver.java:271)
	at org.openqa.selenium.remote.RemoteWebDriver.<init>(RemoteWebDriver.java:119)
	at org.openqa.selenium.firefox.FirefoxDriver.<init>(FirefoxDriver.java:216)
	at org.openqa.selenium.firefox.FirefoxDriver.<init>(FirefoxDriver.java:211)
	at org.openqa.selenium.firefox.FirefoxDriver.<init>(FirefoxDriver.java:207)
	at org.openqa.selenium.firefox.FirefoxDriver.<init>(FirefoxDriver.java:120)
	at domaci.Zadatak1.setupSelenium(Zadatak1.java:40)
	at sun.reflect.NativeMethodAccessorImpl.invoke0(Native Method)
	at sun.reflect.NativeMethodAccessorImpl.invoke(NativeMethodAccessorImpl.java:62)
	at sun.reflect.DelegatingMethodAccessorImpl.invoke(DelegatingMethodAccessorImpl.java:43)
	at java.lang.reflect.Method.invoke(Method.java:498)
	at org.testng.internal.MethodInvocationHelper.invokeMethod(MethodInvocationHelper.java:80)
	at org.testng.internal.Invoker.invokeConfigurationMethod(Invoker.java:551)
	at org.testng.internal.Invoker.invokeConfigurations(Invoker.java:213)
	at org.testng.internal.Invoker.invokeConfigurations(Invoker.java:138)
	at org.testng.SuiteRunner.privateRun(SuiteRunner.java:277)
	at org.testng.SuiteRunner.run(SuiteRunner.java:240)
	at org.testng.SuiteRunnerWorker.runSuite(SuiteRunnerWorker.java:53)
	at org.testng.SuiteRunnerWorker.run(SuiteRunnerWorker.java:87)
	at org.testng.TestNG.runSuitesSequentially(TestNG.java:1188)
	at org.testng.TestNG.runSuitesLocally(TestNG.java:1113)
	at org.testng.TestNG.run(TestNG.java:1025)
	at org.testng.remote.AbstractRemoteTestNG.run(AbstractRemoteTestNG.java:114)
	at org.testng.remote.RemoteTestNG.initAndRun(RemoteTestNG.java:251)
	at org.testng.remote.RemoteTestNG.main(RemoteTestNG.java:77)
Caused by: org.openqa.selenium.firefox.NotConnectedException: Unable to connect to host 127.0.0.1 on port 7055 after 45000 ms. Firefox console output:
rtion 'object->ref_count > 0' failed

(/usr/lib/firefox/firefox:11453): GLib-GObject-CRITICAL **: g_object_unref: assertion 'object->ref_count > 0' failed

(/usr/lib/firefox/firefox:11453): GLib-GObject-CRITICAL **: g_object_ref: assertion 'object->ref_count > 0' failed

(/usr/lib/firefox/firefox:11453): GLib-GObject-CRITICAL **: g_object_unref: assertion 'object->ref_count > 0' failed

(/usr/lib/firefox/firefox:11453): GLib-GObject-CRITICAL **: g_object_ref: assertion 'object->ref_count > 0' failed

(/usr/lib/firefox/firefox:11453): GLib-GObject-CRITICAL **: g_object_unref: assertion 'object->ref_count > 0' failed

(/usr/lib/firefox/firefox:11453): GLib-GObject-WARNING **: g_object_get_valist: object class 'GtkSettings' has no property named 'gtk-decoration-layout'
1562085033061	addons.manager	DEBUG	Registering upgrade listener for formautofill@mozilla.org

(/usr/lib/firefox/firefox:11453): GLib-GObject-CRITICAL **: g_object_ref: assertion 'object->ref_count > 0' failed

(/usr/lib/firefox/firefox:11453): GLib-GObject-CRITICAL **: g_object_unref: assertion 'object->ref_count > 0' failed

(/usr/lib/firefox/firefox:11453): GLib-GObject-CRITICAL **: g_object_ref: assertion 'object->ref_count > 0' failed

(/usr/lib/firefox/firefox:11453): GLib-GObject-CRITICAL **: g_object_unref: assertion 'object->ref_count > 0' failed

(/usr/lib/firefox/firefox:11453): GLib-GObject-CRITICAL **: g_object_ref: assertion 'object->ref_count > 0' failed

(/usr/lib/firefox/firefox:11453): GLib-GObject-CRITICAL **: g_object_unref: assertion 'object->ref_count > 0' failed

(/usr/lib/firefox/firefox:11453): GLib-GObject-CRITICAL **: g_object_ref: assertion 'object->ref_count > 0' failed

(/usr/lib/firefox/firefox:11453): GLib-GObject-CRITICAL **: g_object_unref: assertion 'object->ref_count > 0' failed

(/usr/lib/firefox/firefox:11453): GLib-GObject-CRITICAL **: g_object_ref: assertion 'object->ref_count > 0' failed

(/usr/lib/firefox/firefox:11453): GLib-GObject-CRITICAL **: g_object_unref: assertion 'object->ref_count > 0' failed

(/usr/lib/firefox/firefox:11453): GLib-GObject-CRITICAL **: g_object_ref: assertion 'object->ref_count > 0' failed

(/usr/lib/firefox/firefox:11453): GLib-GObject-CRITICAL **: g_object_unref: assertion 'object->ref_count > 0' failed

(/usr/lib/firefox/firefox:11453): GLib-GObject-CRITICAL **: g_object_ref: assertion 'object->ref_count > 0' failed

(/usr/lib/firefox/firefox:11453): GLib-GObject-CRITICAL **: g_object_unref: assertion 'object->ref_count > 0' failed
1562085033920	addons.xpi	DEBUG	Ignoring file: name is not a valid add-on ID: /tmp/anonymous6591524492904600449webdriver-profile/extensions/webdriver-staging
1562085033921	addons.xpi	DEBUG	Existing add-on formautofill@mozilla.org in app-system-defaults
1562085033921	addons.xpi	DEBUG	Existing add-on screenshots@mozilla.org in app-system-defaults
1562085033922	addons.xpi	DEBUG	Existing add-on webcompat-reporter@mozilla.org in app-system-defaults
1562085033922	addons.xpi	DEBUG	Existing add-on webcompat@mozilla.org in app-system-defaults
1562085033923	addons.xpi	DEBUG	Existing add-on langpack-en-CA@firefox.mozilla.org in app-global
1562085033925	addons.xpi	DEBUG	Existing add-on langpack-en-ZA@firefox.mozilla.org in app-global
1562085033925	addons.xpi	DEBUG	Existing add-on langpack-en-GB@firefox.mozilla.org in app-global
1562085033926	addons.xpi	DEBUG	scanForChanges changed: false, state: {}
JavaScript error: resource://gre/modules/addons/XPIProvider.jsm, line 2614: TypeError: addon is null
1562085034910	addons.xpi-utils	DEBUG	XPI Database saved, setting schema version preference to 28
1562085053920	addons.productaddons	INFO	sending request to: https://aus5.mozilla.org/update/3/GMP/66.0.3/20190410111345/Linux_x86_64-gcc3/null/release-cck-ubuntu/Linux%204.2.0-34-generic%20(GTK%203.10.8%2Clibpulse%204.0.0)/canonical/1.0/update.xml
1562085054217	addons.productaddons	INFO	Completed downloading document
1562085054499	addons.productaddons	INFO	downloadXHR File download. status=200
1562085054505	addons.productaddons	INFO	Downloaded file will be saved to /tmp/tmpaddon-bcf4a1

	at org.openqa.selenium.firefox.internal.NewProfileExtensionConnection.start(NewProfileExtensionConnection.java:113)
	... 25 more
]]>
    </failure>
  </testcase> <!-- login -->
  <testcase name="logout" time="0.008" classname="domaci.Zadatak1">
    <failure type="org.openqa.selenium.WebDriverException" message="Failed to connect to binary FirefoxBinary(/usr/bin/firefox) on port 7055; process output follows: 
rtion &#039;object-&gt;ref_count &gt; 0&#039; failed

(/usr/lib/firefox/firefox:11453): GLib-GObject-CRITICAL **: g_object_unref: assertion &#039;object-&gt;ref_count &gt; 0&#039; failed

(/usr/lib/firefox/firefox:11453): GLib-GObject-CRITICAL **: g_object_ref: assertion &#039;object-&gt;ref_count &gt; 0&#039; failed

(/usr/lib/firefox/firefox:11453): GLib-GObject-CRITICAL **: g_object_unref: assertion &#039;object-&gt;ref_count &gt; 0&#039; failed

(/usr/lib/firefox/firefox:11453): GLib-GObject-CRITICAL **: g_object_ref: assertion &#039;object-&gt;ref_count &gt; 0&#039; failed

(/usr/lib/firefox/firefox:11453): GLib-GObject-CRITICAL **: g_object_unref: assertion &#039;object-&gt;ref_count &gt; 0&#039; failed

(/usr/lib/firefox/firefox:11453): GLib-GObject-WARNING **: g_object_get_valist: object class &#039;GtkSettings&#039; has no property named &#039;gtk-decoration-layout&#039;
1562085033061	addons.manager	DEBUG	Registering upgrade listener for formautofill@mozilla.org

(/usr/lib/firefox/firefox:11453): GLib-GObject-CRITICAL **: g_object_ref: assertion &#039;object-&gt;ref_count &gt; 0&#039; failed

(/usr/lib/firefox/firefox:11453): GLib-GObject-CRITICAL **: g_object_unref: assertion &#039;object-&gt;ref_count &gt; 0&#039; failed

(/usr/lib/firefox/firefox:11453): GLib-GObject-CRITICAL **: g_object_ref: assertion &#039;object-&gt;ref_count &gt; 0&#039; failed

(/usr/lib/firefox/firefox:11453): GLib-GObject-CRITICAL **: g_object_unref: assertion &#039;object-&gt;ref_count &gt; 0&#039; failed

(/usr/lib/firefox/firefox:11453): GLib-GObject-CRITICAL **: g_object_ref: assertion &#039;object-&gt;ref_count &gt; 0&#039; failed

(/usr/lib/firefox/firefox:11453): GLib-GObject-CRITICAL **: g_object_unref: assertion &#039;object-&gt;ref_count &gt; 0&#039; failed

(/usr/lib/firefox/firefox:11453): GLib-GObject-CRITICAL **: g_object_ref: assertion &#039;object-&gt;ref_count &gt; 0&#039; failed

(/usr/lib/firefox/firefox:11453): GLib-GObject-CRITICAL **: g_object_unref: assertion &#039;object-&gt;ref_count &gt; 0&#039; failed

(/usr/lib/firefox/firefox:11453): GLib-GObject-CRITICAL **: g_object_ref: assertion &#039;object-&gt;ref_count &gt; 0&#039; failed

(/usr/lib/firefox/firefox:11453): GLib-GObject-CRITICAL **: g_object_unref: assertion &#039;object-&gt;ref_count &gt; 0&#039; failed

(/usr/lib/firefox/firefox:11453): GLib-GObject-CRITICAL **: g_object_ref: assertion &#039;object-&gt;ref_count &gt; 0&#039; failed

(/usr/lib/firefox/firefox:11453): GLib-GObject-CRITICAL **: g_object_unref: assertion &#039;object-&gt;ref_count &gt; 0&#039; failed

(/usr/lib/firefox/firefox:11453): GLib-GObject-CRITICAL **: g_object_ref: assertion &#039;object-&gt;ref_count &gt; 0&#039; failed

(/usr/lib/firefox/firefox:11453): GLib-GObject-CRITICAL **: g_object_unref: assertion &#039;object-&gt;ref_count &gt; 0&#039; failed
1562085033920	addons.xpi	DEBUG	Ignoring file: name is not a valid add-on ID: /tmp/anonymous6591524492904600449webdriver-profile/extensions/webdriver-staging
1562085033921	addons.xpi	DEBUG	Existing add-on formautofill@mozilla.org in app-system-defaults
1562085033921	addons.xpi	DEBUG	Existing add-on screenshots@mozilla.org in app-system-defaults
1562085033922	addons.xpi	DEBUG	Existing add-on webcompat-reporter@mozilla.org in app-system-defaults
1562085033922	addons.xpi	DEBUG	Existing add-on webcompat@mozilla.org in app-system-defaults
1562085033923	addons.xpi	DEBUG	Existing add-on langpack-en-CA@firefox.mozilla.org in app-global
1562085033925	addons.xpi	DEBUG	Existing add-on langpack-en-ZA@firefox.mozilla.org in app-global
1562085033925	addons.xpi	DEBUG	Existing add-on langpack-en-GB@firefox.mozilla.org in app-global
1562085033926	addons.xpi	DEBUG	scanForChanges changed: false, state: {}
JavaScript error: resource://gre/modules/addons/XPIProvider.jsm, line 2614: TypeError: addon is null
1562085034910	addons.xpi-utils	DEBUG	XPI Database saved, setting schema version preference to 28
1562085053920	addons.productaddons	INFO	sending request to: https://aus5.mozilla.org/update/3/GMP/66.0.3/20190410111345/Linux_x86_64-gcc3/null/release-cck-ubuntu/Linux%204.2.0-34-generic%20(GTK%203.10.8%2Clibpulse%204.0.0)/canonical/1.0/update.xml
1562085054217	addons.productaddons	INFO	Completed downloading document
1562085054499	addons.productaddons	INFO	downloadXHR File download. status=200
1562085054505	addons.productaddons	INFO	Downloaded file will be saved to /tmp/tmpaddon-bcf4a1

Build info: version: &#039;2.53.0&#039;, revision: &#039;35ae25b1534ae328c771e0856c93e187490ca824&#039;, time: &#039;2016-03-15 10:43:46&#039;
System info: host: &#039;tester-VirtualBox&#039;, ip: &#039;127.0.1.1&#039;, os.name: &#039;Linux&#039;, os.arch: &#039;amd64&#039;, os.version: &#039;4.2.0-34-generic&#039;, java.version: &#039;1.8.0_72-internal&#039;
Driver info: driver.version: FirefoxDriver">
      <![CDATA[org.openqa.selenium.WebDriverException: Failed to connect to binary FirefoxBinary(/usr/bin/firefox) on port 7055; process output follows: 
rtion 'object->ref_count > 0' failed

(/usr/lib/firefox/firefox:11453): GLib-GObject-CRITICAL **: g_object_unref: assertion 'object->ref_count > 0' failed

(/usr/lib/firefox/firefox:11453): GLib-GObject-CRITICAL **: g_object_ref: assertion 'object->ref_count > 0' failed

(/usr/lib/firefox/firefox:11453): GLib-GObject-CRITICAL **: g_object_unref: assertion 'object->ref_count > 0' failed

(/usr/lib/firefox/firefox:11453): GLib-GObject-CRITICAL **: g_object_ref: assertion 'object->ref_count > 0' failed

(/usr/lib/firefox/firefox:11453): GLib-GObject-CRITICAL **: g_object_unref: assertion 'object->ref_count > 0' failed

(/usr/lib/firefox/firefox:11453): GLib-GObject-WARNING **: g_object_get_valist: object class 'GtkSettings' has no property named 'gtk-decoration-layout'
1562085033061	addons.manager	DEBUG	Registering upgrade listener for formautofill@mozilla.org

(/usr/lib/firefox/firefox:11453): GLib-GObject-CRITICAL **: g_object_ref: assertion 'object->ref_count > 0' failed

(/usr/lib/firefox/firefox:11453): GLib-GObject-CRITICAL **: g_object_unref: assertion 'object->ref_count > 0' failed

(/usr/lib/firefox/firefox:11453): GLib-GObject-CRITICAL **: g_object_ref: assertion 'object->ref_count > 0' failed

(/usr/lib/firefox/firefox:11453): GLib-GObject-CRITICAL **: g_object_unref: assertion 'object->ref_count > 0' failed

(/usr/lib/firefox/firefox:11453): GLib-GObject-CRITICAL **: g_object_ref: assertion 'object->ref_count > 0' failed

(/usr/lib/firefox/firefox:11453): GLib-GObject-CRITICAL **: g_object_unref: assertion 'object->ref_count > 0' failed

(/usr/lib/firefox/firefox:11453): GLib-GObject-CRITICAL **: g_object_ref: assertion 'object->ref_count > 0' failed

(/usr/lib/firefox/firefox:11453): GLib-GObject-CRITICAL **: g_object_unref: assertion 'object->ref_count > 0' failed

(/usr/lib/firefox/firefox:11453): GLib-GObject-CRITICAL **: g_object_ref: assertion 'object->ref_count > 0' failed

(/usr/lib/firefox/firefox:11453): GLib-GObject-CRITICAL **: g_object_unref: assertion 'object->ref_count > 0' failed

(/usr/lib/firefox/firefox:11453): GLib-GObject-CRITICAL **: g_object_ref: assertion 'object->ref_count > 0' failed

(/usr/lib/firefox/firefox:11453): GLib-GObject-CRITICAL **: g_object_unref: assertion 'object->ref_count > 0' failed

(/usr/lib/firefox/firefox:11453): GLib-GObject-CRITICAL **: g_object_ref: assertion 'object->ref_count > 0' failed

(/usr/lib/firefox/firefox:11453): GLib-GObject-CRITICAL **: g_object_unref: assertion 'object->ref_count > 0' failed
1562085033920	addons.xpi	DEBUG	Ignoring file: name is not a valid add-on ID: /tmp/anonymous6591524492904600449webdriver-profile/extensions/webdriver-staging
1562085033921	addons.xpi	DEBUG	Existing add-on formautofill@mozilla.org in app-system-defaults
1562085033921	addons.xpi	DEBUG	Existing add-on screenshots@mozilla.org in app-system-defaults
1562085033922	addons.xpi	DEBUG	Existing add-on webcompat-reporter@mozilla.org in app-system-defaults
1562085033922	addons.xpi	DEBUG	Existing add-on webcompat@mozilla.org in app-system-defaults
1562085033923	addons.xpi	DEBUG	Existing add-on langpack-en-CA@firefox.mozilla.org in app-global
1562085033925	addons.xpi	DEBUG	Existing add-on langpack-en-ZA@firefox.mozilla.org in app-global
1562085033925	addons.xpi	DEBUG	Existing add-on langpack-en-GB@firefox.mozilla.org in app-global
1562085033926	addons.xpi	DEBUG	scanForChanges changed: false, state: {}
JavaScript error: resource://gre/modules/addons/XPIProvider.jsm, line 2614: TypeError: addon is null
1562085034910	addons.xpi-utils	DEBUG	XPI Database saved, setting schema version preference to 28
1562085053920	addons.productaddons	INFO	sending request to: https://aus5.mozilla.org/update/3/GMP/66.0.3/20190410111345/Linux_x86_64-gcc3/null/release-cck-ubuntu/Linux%204.2.0-34-generic%20(GTK%203.10.8%2Clibpulse%204.0.0)/canonical/1.0/update.xml
1562085054217	addons.productaddons	INFO	Completed downloading document
1562085054499	addons.productaddons	INFO	downloadXHR File download. status=200
1562085054505	addons.productaddons	INFO	Downloaded file will be saved to /tmp/tmpaddon-bcf4a1

Build info: version: '2.53.0', revision: '35ae25b1534ae328c771e0856c93e187490ca824', time: '2016-03-15 10:43:46'
System info: host: 'tester-VirtualBox', ip: '127.0.1.1', os.name: 'Linux', os.arch: 'amd64', os.version: '4.2.0-34-generic', java.version: '1.8.0_72-internal'
Driver info: driver.version: FirefoxDriver
	at org.openqa.selenium.firefox.internal.NewProfileExtensionConnection.start(NewProfileExtensionConnection.java:125)
	at org.openqa.selenium.firefox.FirefoxDriver.startClient(FirefoxDriver.java:271)
	at org.openqa.selenium.remote.RemoteWebDriver.<init>(RemoteWebDriver.java:119)
	at org.openqa.selenium.firefox.FirefoxDriver.<init>(FirefoxDriver.java:216)
	at org.openqa.selenium.firefox.FirefoxDriver.<init>(FirefoxDriver.java:211)
	at org.openqa.selenium.firefox.FirefoxDriver.<init>(FirefoxDriver.java:207)
	at org.openqa.selenium.firefox.FirefoxDriver.<init>(FirefoxDriver.java:120)
	at domaci.Zadatak1.setupSelenium(Zadatak1.java:40)
	at sun.reflect.NativeMethodAccessorImpl.invoke0(Native Method)
	at sun.reflect.NativeMethodAccessorImpl.invoke(NativeMethodAccessorImpl.java:62)
	at sun.reflect.DelegatingMethodAccessorImpl.invoke(DelegatingMethodAccessorImpl.java:43)
	at java.lang.reflect.Method.invoke(Method.java:498)
	at org.testng.internal.MethodInvocationHelper.invokeMethod(MethodInvocationHelper.java:80)
	at org.testng.internal.Invoker.invokeConfigurationMethod(Invoker.java:551)
	at org.testng.internal.Invoker.invokeConfigurations(Invoker.java:213)
	at org.testng.internal.Invoker.invokeConfigurations(Invoker.java:138)
	at org.testng.SuiteRunner.privateRun(SuiteRunner.java:277)
	at org.testng.SuiteRunner.run(SuiteRunner.java:240)
	at org.testng.SuiteRunnerWorker.runSuite(SuiteRunnerWorker.java:53)
	at org.testng.SuiteRunnerWorker.run(SuiteRunnerWorker.java:87)
	at org.testng.TestNG.runSuitesSequentially(TestNG.java:1188)
	at org.testng.TestNG.runSuitesLocally(TestNG.java:1113)
	at org.testng.TestNG.run(TestNG.java:1025)
	at org.testng.remote.AbstractRemoteTestNG.run(AbstractRemoteTestNG.java:114)
	at org.testng.remote.RemoteTestNG.initAndRun(RemoteTestNG.java:251)
	at org.testng.remote.RemoteTestNG.main(RemoteTestNG.java:77)
Caused by: org.openqa.selenium.firefox.NotConnectedException: Unable to connect to host 127.0.0.1 on port 7055 after 45000 ms. Firefox console output:
rtion 'object->ref_count > 0' failed

(/usr/lib/firefox/firefox:11453): GLib-GObject-CRITICAL **: g_object_unref: assertion 'object->ref_count > 0' failed

(/usr/lib/firefox/firefox:11453): GLib-GObject-CRITICAL **: g_object_ref: assertion 'object->ref_count > 0' failed

(/usr/lib/firefox/firefox:11453): GLib-GObject-CRITICAL **: g_object_unref: assertion 'object->ref_count > 0' failed

(/usr/lib/firefox/firefox:11453): GLib-GObject-CRITICAL **: g_object_ref: assertion 'object->ref_count > 0' failed

(/usr/lib/firefox/firefox:11453): GLib-GObject-CRITICAL **: g_object_unref: assertion 'object->ref_count > 0' failed

(/usr/lib/firefox/firefox:11453): GLib-GObject-WARNING **: g_object_get_valist: object class 'GtkSettings' has no property named 'gtk-decoration-layout'
1562085033061	addons.manager	DEBUG	Registering upgrade listener for formautofill@mozilla.org

(/usr/lib/firefox/firefox:11453): GLib-GObject-CRITICAL **: g_object_ref: assertion 'object->ref_count > 0' failed

(/usr/lib/firefox/firefox:11453): GLib-GObject-CRITICAL **: g_object_unref: assertion 'object->ref_count > 0' failed

(/usr/lib/firefox/firefox:11453): GLib-GObject-CRITICAL **: g_object_ref: assertion 'object->ref_count > 0' failed

(/usr/lib/firefox/firefox:11453): GLib-GObject-CRITICAL **: g_object_unref: assertion 'object->ref_count > 0' failed

(/usr/lib/firefox/firefox:11453): GLib-GObject-CRITICAL **: g_object_ref: assertion 'object->ref_count > 0' failed

(/usr/lib/firefox/firefox:11453): GLib-GObject-CRITICAL **: g_object_unref: assertion 'object->ref_count > 0' failed

(/usr/lib/firefox/firefox:11453): GLib-GObject-CRITICAL **: g_object_ref: assertion 'object->ref_count > 0' failed

(/usr/lib/firefox/firefox:11453): GLib-GObject-CRITICAL **: g_object_unref: assertion 'object->ref_count > 0' failed

(/usr/lib/firefox/firefox:11453): GLib-GObject-CRITICAL **: g_object_ref: assertion 'object->ref_count > 0' failed

(/usr/lib/firefox/firefox:11453): GLib-GObject-CRITICAL **: g_object_unref: assertion 'object->ref_count > 0' failed

(/usr/lib/firefox/firefox:11453): GLib-GObject-CRITICAL **: g_object_ref: assertion 'object->ref_count > 0' failed

(/usr/lib/firefox/firefox:11453): GLib-GObject-CRITICAL **: g_object_unref: assertion 'object->ref_count > 0' failed

(/usr/lib/firefox/firefox:11453): GLib-GObject-CRITICAL **: g_object_ref: assertion 'object->ref_count > 0' failed

(/usr/lib/firefox/firefox:11453): GLib-GObject-CRITICAL **: g_object_unref: assertion 'object->ref_count > 0' failed
1562085033920	addons.xpi	DEBUG	Ignoring file: name is not a valid add-on ID: /tmp/anonymous6591524492904600449webdriver-profile/extensions/webdriver-staging
1562085033921	addons.xpi	DEBUG	Existing add-on formautofill@mozilla.org in app-system-defaults
1562085033921	addons.xpi	DEBUG	Existing add-on screenshots@mozilla.org in app-system-defaults
1562085033922	addons.xpi	DEBUG	Existing add-on webcompat-reporter@mozilla.org in app-system-defaults
1562085033922	addons.xpi	DEBUG	Existing add-on webcompat@mozilla.org in app-system-defaults
1562085033923	addons.xpi	DEBUG	Existing add-on langpack-en-CA@firefox.mozilla.org in app-global
1562085033925	addons.xpi	DEBUG	Existing add-on langpack-en-ZA@firefox.mozilla.org in app-global
1562085033925	addons.xpi	DEBUG	Existing add-on langpack-en-GB@firefox.mozilla.org in app-global
1562085033926	addons.xpi	DEBUG	scanForChanges changed: false, state: {}
JavaScript error: resource://gre/modules/addons/XPIProvider.jsm, line 2614: TypeError: addon is null
1562085034910	addons.xpi-utils	DEBUG	XPI Database saved, setting schema version preference to 28
1562085053920	addons.productaddons	INFO	sending request to: https://aus5.mozilla.org/update/3/GMP/66.0.3/20190410111345/Linux_x86_64-gcc3/null/release-cck-ubuntu/Linux%204.2.0-34-generic%20(GTK%203.10.8%2Clibpulse%204.0.0)/canonical/1.0/update.xml
1562085054217	addons.productaddons	INFO	Completed downloading document
1562085054499	addons.productaddons	INFO	downloadXHR File download. status=200
1562085054505	addons.productaddons	INFO	Downloaded file will be saved to /tmp/tmpaddon-bcf4a1

	at org.openqa.selenium.firefox.internal.NewProfileExtensionConnection.start(NewProfileExtensionConnection.java:113)
	... 25 more
]]>
    </failure>
  </testcase> <!-- logout -->
  <testcase name="addSecondStudent" time="0.017" classname="domaci.Zadatak1">
    <failure type="org.openqa.selenium.WebDriverException" message="Failed to connect to binary FirefoxBinary(/usr/bin/firefox) on port 7055; process output follows: 
rtion &#039;object-&gt;ref_count &gt; 0&#039; failed

(/usr/lib/firefox/firefox:11453): GLib-GObject-CRITICAL **: g_object_unref: assertion &#039;object-&gt;ref_count &gt; 0&#039; failed

(/usr/lib/firefox/firefox:11453): GLib-GObject-CRITICAL **: g_object_ref: assertion &#039;object-&gt;ref_count &gt; 0&#039; failed

(/usr/lib/firefox/firefox:11453): GLib-GObject-CRITICAL **: g_object_unref: assertion &#039;object-&gt;ref_count &gt; 0&#039; failed

(/usr/lib/firefox/firefox:11453): GLib-GObject-CRITICAL **: g_object_ref: assertion &#039;object-&gt;ref_count &gt; 0&#039; failed

(/usr/lib/firefox/firefox:11453): GLib-GObject-CRITICAL **: g_object_unref: assertion &#039;object-&gt;ref_count &gt; 0&#039; failed

(/usr/lib/firefox/firefox:11453): GLib-GObject-WARNING **: g_object_get_valist: object class &#039;GtkSettings&#039; has no property named &#039;gtk-decoration-layout&#039;
1562085033061	addons.manager	DEBUG	Registering upgrade listener for formautofill@mozilla.org

(/usr/lib/firefox/firefox:11453): GLib-GObject-CRITICAL **: g_object_ref: assertion &#039;object-&gt;ref_count &gt; 0&#039; failed

(/usr/lib/firefox/firefox:11453): GLib-GObject-CRITICAL **: g_object_unref: assertion &#039;object-&gt;ref_count &gt; 0&#039; failed

(/usr/lib/firefox/firefox:11453): GLib-GObject-CRITICAL **: g_object_ref: assertion &#039;object-&gt;ref_count &gt; 0&#039; failed

(/usr/lib/firefox/firefox:11453): GLib-GObject-CRITICAL **: g_object_unref: assertion &#039;object-&gt;ref_count &gt; 0&#039; failed

(/usr/lib/firefox/firefox:11453): GLib-GObject-CRITICAL **: g_object_ref: assertion &#039;object-&gt;ref_count &gt; 0&#039; failed

(/usr/lib/firefox/firefox:11453): GLib-GObject-CRITICAL **: g_object_unref: assertion &#039;object-&gt;ref_count &gt; 0&#039; failed

(/usr/lib/firefox/firefox:11453): GLib-GObject-CRITICAL **: g_object_ref: assertion &#039;object-&gt;ref_count &gt; 0&#039; failed

(/usr/lib/firefox/firefox:11453): GLib-GObject-CRITICAL **: g_object_unref: assertion &#039;object-&gt;ref_count &gt; 0&#039; failed

(/usr/lib/firefox/firefox:11453): GLib-GObject-CRITICAL **: g_object_ref: assertion &#039;object-&gt;ref_count &gt; 0&#039; failed

(/usr/lib/firefox/firefox:11453): GLib-GObject-CRITICAL **: g_object_unref: assertion &#039;object-&gt;ref_count &gt; 0&#039; failed

(/usr/lib/firefox/firefox:11453): GLib-GObject-CRITICAL **: g_object_ref: assertion &#039;object-&gt;ref_count &gt; 0&#039; failed

(/usr/lib/firefox/firefox:11453): GLib-GObject-CRITICAL **: g_object_unref: assertion &#039;object-&gt;ref_count &gt; 0&#039; failed

(/usr/lib/firefox/firefox:11453): GLib-GObject-CRITICAL **: g_object_ref: assertion &#039;object-&gt;ref_count &gt; 0&#039; failed

(/usr/lib/firefox/firefox:11453): GLib-GObject-CRITICAL **: g_object_unref: assertion &#039;object-&gt;ref_count &gt; 0&#039; failed
1562085033920	addons.xpi	DEBUG	Ignoring file: name is not a valid add-on ID: /tmp/anonymous6591524492904600449webdriver-profile/extensions/webdriver-staging
1562085033921	addons.xpi	DEBUG	Existing add-on formautofill@mozilla.org in app-system-defaults
1562085033921	addons.xpi	DEBUG	Existing add-on screenshots@mozilla.org in app-system-defaults
1562085033922	addons.xpi	DEBUG	Existing add-on webcompat-reporter@mozilla.org in app-system-defaults
1562085033922	addons.xpi	DEBUG	Existing add-on webcompat@mozilla.org in app-system-defaults
1562085033923	addons.xpi	DEBUG	Existing add-on langpack-en-CA@firefox.mozilla.org in app-global
1562085033925	addons.xpi	DEBUG	Existing add-on langpack-en-ZA@firefox.mozilla.org in app-global
1562085033925	addons.xpi	DEBUG	Existing add-on langpack-en-GB@firefox.mozilla.org in app-global
1562085033926	addons.xpi	DEBUG	scanForChanges changed: false, state: {}
JavaScript error: resource://gre/modules/addons/XPIProvider.jsm, line 2614: TypeError: addon is null
1562085034910	addons.xpi-utils	DEBUG	XPI Database saved, setting schema version preference to 28
1562085053920	addons.productaddons	INFO	sending request to: https://aus5.mozilla.org/update/3/GMP/66.0.3/20190410111345/Linux_x86_64-gcc3/null/release-cck-ubuntu/Linux%204.2.0-34-generic%20(GTK%203.10.8%2Clibpulse%204.0.0)/canonical/1.0/update.xml
1562085054217	addons.productaddons	INFO	Completed downloading document
1562085054499	addons.productaddons	INFO	downloadXHR File download. status=200
1562085054505	addons.productaddons	INFO	Downloaded file will be saved to /tmp/tmpaddon-bcf4a1

Build info: version: &#039;2.53.0&#039;, revision: &#039;35ae25b1534ae328c771e0856c93e187490ca824&#039;, time: &#039;2016-03-15 10:43:46&#039;
System info: host: &#039;tester-VirtualBox&#039;, ip: &#039;127.0.1.1&#039;, os.name: &#039;Linux&#039;, os.arch: &#039;amd64&#039;, os.version: &#039;4.2.0-34-generic&#039;, java.version: &#039;1.8.0_72-internal&#039;
Driver info: driver.version: FirefoxDriver">
      <![CDATA[org.openqa.selenium.WebDriverException: Failed to connect to binary FirefoxBinary(/usr/bin/firefox) on port 7055; process output follows: 
rtion 'object->ref_count > 0' failed

(/usr/lib/firefox/firefox:11453): GLib-GObject-CRITICAL **: g_object_unref: assertion 'object->ref_count > 0' failed

(/usr/lib/firefox/firefox:11453): GLib-GObject-CRITICAL **: g_object_ref: assertion 'object->ref_count > 0' failed

(/usr/lib/firefox/firefox:11453): GLib-GObject-CRITICAL **: g_object_unref: assertion 'object->ref_count > 0' failed

(/usr/lib/firefox/firefox:11453): GLib-GObject-CRITICAL **: g_object_ref: assertion 'object->ref_count > 0' failed

(/usr/lib/firefox/firefox:11453): GLib-GObject-CRITICAL **: g_object_unref: assertion 'object->ref_count > 0' failed

(/usr/lib/firefox/firefox:11453): GLib-GObject-WARNING **: g_object_get_valist: object class 'GtkSettings' has no property named 'gtk-decoration-layout'
1562085033061	addons.manager	DEBUG	Registering upgrade listener for formautofill@mozilla.org

(/usr/lib/firefox/firefox:11453): GLib-GObject-CRITICAL **: g_object_ref: assertion 'object->ref_count > 0' failed

(/usr/lib/firefox/firefox:11453): GLib-GObject-CRITICAL **: g_object_unref: assertion 'object->ref_count > 0' failed

(/usr/lib/firefox/firefox:11453): GLib-GObject-CRITICAL **: g_object_ref: assertion 'object->ref_count > 0' failed

(/usr/lib/firefox/firefox:11453): GLib-GObject-CRITICAL **: g_object_unref: assertion 'object->ref_count > 0' failed

(/usr/lib/firefox/firefox:11453): GLib-GObject-CRITICAL **: g_object_ref: assertion 'object->ref_count > 0' failed

(/usr/lib/firefox/firefox:11453): GLib-GObject-CRITICAL **: g_object_unref: assertion 'object->ref_count > 0' failed

(/usr/lib/firefox/firefox:11453): GLib-GObject-CRITICAL **: g_object_ref: assertion 'object->ref_count > 0' failed

(/usr/lib/firefox/firefox:11453): GLib-GObject-CRITICAL **: g_object_unref: assertion 'object->ref_count > 0' failed

(/usr/lib/firefox/firefox:11453): GLib-GObject-CRITICAL **: g_object_ref: assertion 'object->ref_count > 0' failed

(/usr/lib/firefox/firefox:11453): GLib-GObject-CRITICAL **: g_object_unref: assertion 'object->ref_count > 0' failed

(/usr/lib/firefox/firefox:11453): GLib-GObject-CRITICAL **: g_object_ref: assertion 'object->ref_count > 0' failed

(/usr/lib/firefox/firefox:11453): GLib-GObject-CRITICAL **: g_object_unref: assertion 'object->ref_count > 0' failed

(/usr/lib/firefox/firefox:11453): GLib-GObject-CRITICAL **: g_object_ref: assertion 'object->ref_count > 0' failed

(/usr/lib/firefox/firefox:11453): GLib-GObject-CRITICAL **: g_object_unref: assertion 'object->ref_count > 0' failed
1562085033920	addons.xpi	DEBUG	Ignoring file: name is not a valid add-on ID: /tmp/anonymous6591524492904600449webdriver-profile/extensions/webdriver-staging
1562085033921	addons.xpi	DEBUG	Existing add-on formautofill@mozilla.org in app-system-defaults
1562085033921	addons.xpi	DEBUG	Existing add-on screenshots@mozilla.org in app-system-defaults
1562085033922	addons.xpi	DEBUG	Existing add-on webcompat-reporter@mozilla.org in app-system-defaults
1562085033922	addons.xpi	DEBUG	Existing add-on webcompat@mozilla.org in app-system-defaults
1562085033923	addons.xpi	DEBUG	Existing add-on langpack-en-CA@firefox.mozilla.org in app-global
1562085033925	addons.xpi	DEBUG	Existing add-on langpack-en-ZA@firefox.mozilla.org in app-global
1562085033925	addons.xpi	DEBUG	Existing add-on langpack-en-GB@firefox.mozilla.org in app-global
1562085033926	addons.xpi	DEBUG	scanForChanges changed: false, state: {}
JavaScript error: resource://gre/modules/addons/XPIProvider.jsm, line 2614: TypeError: addon is null
1562085034910	addons.xpi-utils	DEBUG	XPI Database saved, setting schema version preference to 28
1562085053920	addons.productaddons	INFO	sending request to: https://aus5.mozilla.org/update/3/GMP/66.0.3/20190410111345/Linux_x86_64-gcc3/null/release-cck-ubuntu/Linux%204.2.0-34-generic%20(GTK%203.10.8%2Clibpulse%204.0.0)/canonical/1.0/update.xml
1562085054217	addons.productaddons	INFO	Completed downloading document
1562085054499	addons.productaddons	INFO	downloadXHR File download. status=200
1562085054505	addons.productaddons	INFO	Downloaded file will be saved to /tmp/tmpaddon-bcf4a1

Build info: version: '2.53.0', revision: '35ae25b1534ae328c771e0856c93e187490ca824', time: '2016-03-15 10:43:46'
System info: host: 'tester-VirtualBox', ip: '127.0.1.1', os.name: 'Linux', os.arch: 'amd64', os.version: '4.2.0-34-generic', java.version: '1.8.0_72-internal'
Driver info: driver.version: FirefoxDriver
	at org.openqa.selenium.firefox.internal.NewProfileExtensionConnection.start(NewProfileExtensionConnection.java:125)
	at org.openqa.selenium.firefox.FirefoxDriver.startClient(FirefoxDriver.java:271)
	at org.openqa.selenium.remote.RemoteWebDriver.<init>(RemoteWebDriver.java:119)
	at org.openqa.selenium.firefox.FirefoxDriver.<init>(FirefoxDriver.java:216)
	at org.openqa.selenium.firefox.FirefoxDriver.<init>(FirefoxDriver.java:211)
	at org.openqa.selenium.firefox.FirefoxDriver.<init>(FirefoxDriver.java:207)
	at org.openqa.selenium.firefox.FirefoxDriver.<init>(FirefoxDriver.java:120)
	at domaci.Zadatak1.setupSelenium(Zadatak1.java:40)
	at sun.reflect.NativeMethodAccessorImpl.invoke0(Native Method)
	at sun.reflect.NativeMethodAccessorImpl.invoke(NativeMethodAccessorImpl.java:62)
	at sun.reflect.DelegatingMethodAccessorImpl.invoke(DelegatingMethodAccessorImpl.java:43)
	at java.lang.reflect.Method.invoke(Method.java:498)
	at org.testng.internal.MethodInvocationHelper.invokeMethod(MethodInvocationHelper.java:80)
	at org.testng.internal.Invoker.invokeConfigurationMethod(Invoker.java:551)
	at org.testng.internal.Invoker.invokeConfigurations(Invoker.java:213)
	at org.testng.internal.Invoker.invokeConfigurations(Invoker.java:138)
	at org.testng.SuiteRunner.privateRun(SuiteRunner.java:277)
	at org.testng.SuiteRunner.run(SuiteRunner.java:240)
	at org.testng.SuiteRunnerWorker.runSuite(SuiteRunnerWorker.java:53)
	at org.testng.SuiteRunnerWorker.run(SuiteRunnerWorker.java:87)
	at org.testng.TestNG.runSuitesSequentially(TestNG.java:1188)
	at org.testng.TestNG.runSuitesLocally(TestNG.java:1113)
	at org.testng.TestNG.run(TestNG.java:1025)
	at org.testng.remote.AbstractRemoteTestNG.run(AbstractRemoteTestNG.java:114)
	at org.testng.remote.RemoteTestNG.initAndRun(RemoteTestNG.java:251)
	at org.testng.remote.RemoteTestNG.main(RemoteTestNG.java:77)
Caused by: org.openqa.selenium.firefox.NotConnectedException: Unable to connect to host 127.0.0.1 on port 7055 after 45000 ms. Firefox console output:
rtion 'object->ref_count > 0' failed

(/usr/lib/firefox/firefox:11453): GLib-GObject-CRITICAL **: g_object_unref: assertion 'object->ref_count > 0' failed

(/usr/lib/firefox/firefox:11453): GLib-GObject-CRITICAL **: g_object_ref: assertion 'object->ref_count > 0' failed

(/usr/lib/firefox/firefox:11453): GLib-GObject-CRITICAL **: g_object_unref: assertion 'object->ref_count > 0' failed

(/usr/lib/firefox/firefox:11453): GLib-GObject-CRITICAL **: g_object_ref: assertion 'object->ref_count > 0' failed

(/usr/lib/firefox/firefox:11453): GLib-GObject-CRITICAL **: g_object_unref: assertion 'object->ref_count > 0' failed

(/usr/lib/firefox/firefox:11453): GLib-GObject-WARNING **: g_object_get_valist: object class 'GtkSettings' has no property named 'gtk-decoration-layout'
1562085033061	addons.manager	DEBUG	Registering upgrade listener for formautofill@mozilla.org

(/usr/lib/firefox/firefox:11453): GLib-GObject-CRITICAL **: g_object_ref: assertion 'object->ref_count > 0' failed

(/usr/lib/firefox/firefox:11453): GLib-GObject-CRITICAL **: g_object_unref: assertion 'object->ref_count > 0' failed

(/usr/lib/firefox/firefox:11453): GLib-GObject-CRITICAL **: g_object_ref: assertion 'object->ref_count > 0' failed

(/usr/lib/firefox/firefox:11453): GLib-GObject-CRITICAL **: g_object_unref: assertion 'object->ref_count > 0' failed

(/usr/lib/firefox/firefox:11453): GLib-GObject-CRITICAL **: g_object_ref: assertion 'object->ref_count > 0' failed

(/usr/lib/firefox/firefox:11453): GLib-GObject-CRITICAL **: g_object_unref: assertion 'object->ref_count > 0' failed

(/usr/lib/firefox/firefox:11453): GLib-GObject-CRITICAL **: g_object_ref: assertion 'object->ref_count > 0' failed

(/usr/lib/firefox/firefox:11453): GLib-GObject-CRITICAL **: g_object_unref: assertion 'object->ref_count > 0' failed

(/usr/lib/firefox/firefox:11453): GLib-GObject-CRITICAL **: g_object_ref: assertion 'object->ref_count > 0' failed

(/usr/lib/firefox/firefox:11453): GLib-GObject-CRITICAL **: g_object_unref: assertion 'object->ref_count > 0' failed

(/usr/lib/firefox/firefox:11453): GLib-GObject-CRITICAL **: g_object_ref: assertion 'object->ref_count > 0' failed

(/usr/lib/firefox/firefox:11453): GLib-GObject-CRITICAL **: g_object_unref: assertion 'object->ref_count > 0' failed

(/usr/lib/firefox/firefox:11453): GLib-GObject-CRITICAL **: g_object_ref: assertion 'object->ref_count > 0' failed

(/usr/lib/firefox/firefox:11453): GLib-GObject-CRITICAL **: g_object_unref: assertion 'object->ref_count > 0' failed
1562085033920	addons.xpi	DEBUG	Ignoring file: name is not a valid add-on ID: /tmp/anonymous6591524492904600449webdriver-profile/extensions/webdriver-staging
1562085033921	addons.xpi	DEBUG	Existing add-on formautofill@mozilla.org in app-system-defaults
1562085033921	addons.xpi	DEBUG	Existing add-on screenshots@mozilla.org in app-system-defaults
1562085033922	addons.xpi	DEBUG	Existing add-on webcompat-reporter@mozilla.org in app-system-defaults
1562085033922	addons.xpi	DEBUG	Existing add-on webcompat@mozilla.org in app-system-defaults
1562085033923	addons.xpi	DEBUG	Existing add-on langpack-en-CA@firefox.mozilla.org in app-global
1562085033925	addons.xpi	DEBUG	Existing add-on langpack-en-ZA@firefox.mozilla.org in app-global
1562085033925	addons.xpi	DEBUG	Existing add-on langpack-en-GB@firefox.mozilla.org in app-global
1562085033926	addons.xpi	DEBUG	scanForChanges changed: false, state: {}
JavaScript error: resource://gre/modules/addons/XPIProvider.jsm, line 2614: TypeError: addon is null
1562085034910	addons.xpi-utils	DEBUG	XPI Database saved, setting schema version preference to 28
1562085053920	addons.productaddons	INFO	sending request to: https://aus5.mozilla.org/update/3/GMP/66.0.3/20190410111345/Linux_x86_64-gcc3/null/release-cck-ubuntu/Linux%204.2.0-34-generic%20(GTK%203.10.8%2Clibpulse%204.0.0)/canonical/1.0/update.xml
1562085054217	addons.productaddons	INFO	Completed downloading document
1562085054499	addons.productaddons	INFO	downloadXHR File download. status=200
1562085054505	addons.productaddons	INFO	Downloaded file will be saved to /tmp/tmpaddon-bcf4a1

	at org.openqa.selenium.firefox.internal.NewProfileExtensionConnection.start(NewProfileExtensionConnection.java:113)
	... 25 more
]]>
    </failure>
  </testcase> <!-- addSecondStudent -->
</testsuite> <!-- domaci.Zadatak1 -->
