<?xml version="1.0" encoding="UTF-8"?>
<!-- Generated by org.testng.reporters.JUnitReportReporter -->
<testsuite hostname="tester-VirtualBox" name="zavrsni.Testovi.LoginTest" tests="4" failures="0" timestamp="11 Jul 2019 19:53:42 GMT" time="5.491" errors="0">
  <testcase name="loginPredSkup" time="2.014" classname="zavrsni.Testovi.LoginTest"/>
  <testcase name="loginStanar" time="1.173" classname="zavrsni.Testovi.LoginTest"/>
  <testcase name="loginAdmin" time="1.709" classname="zavrsni.Testovi.LoginTest"/>
  <testcase name="logout" time="0.595" classname="zavrsni.Testovi.LoginTest"/>
</testsuite> <!-- zavrsni.Testovi.LoginTest -->
