<?xml version="1.0" encoding="UTF-8"?>
<!-- Generated by org.testng.reporters.JUnitReportReporter -->
<testsuite hostname="tester-VirtualBox" name="zavrsni.Testovi.PredSkupTest" tests="4" failures="0" timestamp="12 Jul 2019 09:03:44 GMT" time="202.633" errors="0">
  <testcase name="predsednikObavestenjaTest" time="61.765" classname="zavrsni.Testovi.PredSkupTest"/>
  <testcase name="predsednikPredTacDnevRedaTest" time="52.224" classname="zavrsni.Testovi.PredSkupTest"/>
  <testcase name="predsednikKvaroviTest" time="35.995" classname="zavrsni.Testovi.PredSkupTest"/>
  <testcase name="predsednikSastanciSkupstineTest" time="52.649" classname="zavrsni.Testovi.PredSkupTest"/>
</testsuite> <!-- zavrsni.Testovi.PredSkupTest -->
