<?xml version="1.0" encoding="UTF-8"?>
<!-- Generated by org.testng.reporters.JUnitReportReporter -->
<testsuite hostname="tester-VirtualBox" name="zavrsni.Testovi.PromenaLozinkeTest" tests="5" failures="0" timestamp="11 Jul 2019 21:33:38 GMT" time="40.848" errors="0">
  <testcase name="prazno" time="1.862" classname="zavrsni.Testovi.PromenaLozinkeTest"/>
  <testcase name="pogresnaPotvrdaLozinke" time="1.303" classname="zavrsni.Testovi.PromenaLozinkeTest"/>
  <testcase name="promenaLozinke" time="19.147" classname="zavrsni.Testovi.PromenaLozinkeTest"/>
  <testcase name="pogresnaLozinka" time="17.452" classname="zavrsni.Testovi.PromenaLozinkeTest"/>
  <testcase name="prazno3" time="1.084" classname="zavrsni.Testovi.PromenaLozinkeTest"/>
</testsuite> <!-- zavrsni.Testovi.PromenaLozinkeTest -->
