<?xml version="1.0" encoding="UTF-8"?>
<!-- Generated by org.testng.reporters.JUnitReportReporter -->
<testsuite hostname="tester-VirtualBox" name="zavrsni.Testovi.RegistracijaStanaraTest" tests="8" failures="0" timestamp="12 Jul 2019 09:15:02 GMT" time="34.862" errors="0">
  <testcase name="nevalidnaLozinka1" time="1.794" classname="zavrsni.Testovi.RegistracijaStanaraTest"/>
  <testcase name="nevalidnaLozinka2" time="1.536" classname="zavrsni.Testovi.RegistracijaStanaraTest"/>
  <testcase name="daLiJeUTabeliStanar" time="1.619" classname="zavrsni.Testovi.RegistracijaStanaraTest"/>
  <testcase name="dodajPrazno" time="1.003" classname="zavrsni.Testovi.RegistracijaStanaraTest"/>
  <testcase name="nevalidanEmail" time="1.573" classname="zavrsni.Testovi.RegistracijaStanaraTest"/>
  <testcase name="registrujStanara" time="13.049" classname="zavrsni.Testovi.RegistracijaStanaraTest"/>
  <testcase name="testReset" time="2.196" classname="zavrsni.Testovi.RegistracijaStanaraTest"/>
  <testcase name="dodajIstogStanara" time="12.092" classname="zavrsni.Testovi.RegistracijaStanaraTest"/>
</testsuite> <!-- zavrsni.Testovi.RegistracijaStanaraTest -->
