<?xml version="1.0" encoding="UTF-8"?>
<!-- Generated by org.testng.reporters.JUnitReportReporter -->
<testsuite hostname="tester-VirtualBox" name="zavrsni.Testovi.ZgradaStanariTest" tests="2" failures="0" timestamp="12 Jul 2019 11:03:07 GMT" time="100.326" errors="0">
  <testcase name="getZgradaStanStanariTest" time="87.379" classname="zavrsni.Testovi.ZgradaStanariTest"/>
  <testcase name="dodajZgradu1" time="12.947" classname="zavrsni.Testovi.ZgradaStanariTest"/>
</testsuite> <!-- zavrsni.Testovi.ZgradaStanariTest -->
