<?xml version="1.0" encoding="UTF-8"?>
<!-- Generated by org.testng.reporters.JUnitReportReporter -->
<testsuite hostname="tester-VirtualBox" name="zavrsni.Testovi.LoginTestNegativni" tests="11" failures="0" timestamp="12 Jul 2019 08:02:11 GMT" time="9.751" errors="0">
  <testcase name="loginMalaBrojLozinka" time="0.868" classname="zavrsni.Testovi.LoginTestNegativni"/>
  <testcase name="loginBrojeviLozinka" time="0.847" classname="zavrsni.Testovi.LoginTestNegativni"/>
  <testcase name="loginMalaSlovaLozinka" time="0.825" classname="zavrsni.Testovi.LoginTestNegativni"/>
  <testcase name="loginPraznaLozinka" time="1.145" classname="zavrsni.Testovi.LoginTestNegativni"/>
  <testcase name="loginVelikaSlovaLozinka" time="0.876" classname="zavrsni.Testovi.LoginTestNegativni"/>
  <testcase name="loginVelikaMalaLozinka" time="0.837" classname="zavrsni.Testovi.LoginTestNegativni"/>
  <testcase name="loginPrazno" time="0.681" classname="zavrsni.Testovi.LoginTestNegativni"/>
  <testcase name="loginVelikBrojLozinka" time="0.909" classname="zavrsni.Testovi.LoginTestNegativni"/>
  <testcase name="loginNevalidanEmail" time="0.974" classname="zavrsni.Testovi.LoginTestNegativni"/>
  <testcase name="loginPrazanEmail" time="0.841" classname="zavrsni.Testovi.LoginTestNegativni"/>
  <testcase name="loginPogresnaLozinka" time="0.948" classname="zavrsni.Testovi.LoginTestNegativni"/>
</testsuite> <!-- zavrsni.Testovi.LoginTestNegativni -->
