<?xml version="1.0" encoding="UTF-8"?>
<!-- Generated by org.testng.reporters.JUnitReportReporter -->
<testsuite hostname="tester-VirtualBox" name="zavrsni_ispit_12_07_2019.Testovi.LoginNegativniTestovi" tests="11" failures="0" timestamp="12 Jul 2019 16:24:07 GMT" time="6.920" errors="0">
  <testcase name="loginPraznaLozinka" time="0.727" classname="zavrsni_ispit_12_07_2019.Testovi.LoginNegativniTestovi"/>
  <testcase name="loginVelikaMalaLozinka" time="0.636" classname="zavrsni_ispit_12_07_2019.Testovi.LoginNegativniTestovi"/>
  <testcase name="loginMalaBrojLozinka" time="0.698" classname="zavrsni_ispit_12_07_2019.Testovi.LoginNegativniTestovi"/>
  <testcase name="loginVelikBrojLozinka" time="0.611" classname="zavrsni_ispit_12_07_2019.Testovi.LoginNegativniTestovi"/>
  <testcase name="loginPrazanEmail" time="0.484" classname="zavrsni_ispit_12_07_2019.Testovi.LoginNegativniTestovi"/>
  <testcase name="loginBrojeviLozinka" time="0.618" classname="zavrsni_ispit_12_07_2019.Testovi.LoginNegativniTestovi"/>
  <testcase name="loginPogresnaLozinka" time="0.630" classname="zavrsni_ispit_12_07_2019.Testovi.LoginNegativniTestovi"/>
  <testcase name="loginPrazno" time="0.432" classname="zavrsni_ispit_12_07_2019.Testovi.LoginNegativniTestovi"/>
  <testcase name="loginMalaSlovaLozinka" time="0.563" classname="zavrsni_ispit_12_07_2019.Testovi.LoginNegativniTestovi"/>
  <testcase name="loginNevalidanEmail" time="0.760" classname="zavrsni_ispit_12_07_2019.Testovi.LoginNegativniTestovi"/>
  <testcase name="loginVelikaSlovaLozinka" time="0.761" classname="zavrsni_ispit_12_07_2019.Testovi.LoginNegativniTestovi"/>
</testsuite> <!-- zavrsni_ispit_12_07_2019.Testovi.LoginNegativniTestovi -->
