<?xml version="1.0" encoding="UTF-8"?>
<!-- Generated by org.testng.reporters.JUnitReportReporter -->
<testsuite hostname="tester-VirtualBox" name="zavrsni_ispit_12_07_2019.Testovi.loginPozitivniTestovi" tests="4" failures="0" timestamp="12 Jul 2019 16:21:06 GMT" time="3.817" errors="0">
  <testcase name="loginPredSkup" time="1.341" classname="zavrsni_ispit_12_07_2019.Testovi.loginPozitivniTestovi"/>
  <testcase name="loginAdmin" time="1.113" classname="zavrsni_ispit_12_07_2019.Testovi.loginPozitivniTestovi"/>
  <testcase name="logout" time="0.415" classname="zavrsni_ispit_12_07_2019.Testovi.loginPozitivniTestovi"/>
  <testcase name="loginStanar" time="0.948" classname="zavrsni_ispit_12_07_2019.Testovi.loginPozitivniTestovi"/>
</testsuite> <!-- zavrsni_ispit_12_07_2019.Testovi.loginPozitivniTestovi -->
