<?xml version="1.0" encoding="UTF-8"?>
<!-- Generated by org.testng.reporters.JUnitReportReporter -->
<testsuite hostname="tester-VirtualBox" name="zavrsni_ispit_12_07_2019.Testovi.PretragaInstitucijaTest" tests="3" failures="0" timestamp="12 Jul 2019 19:07:39 GMT" time="1.816" errors="0">
  <testcase name="pretragaNepostojecegEmaila" time="0.676" classname="zavrsni_ispit_12_07_2019.Testovi.PretragaInstitucijaTest"/>
  <testcase name="pretragaImena" time="0.597" classname="zavrsni_ispit_12_07_2019.Testovi.PretragaInstitucijaTest"/>
  <testcase name="pretragaEmaila" time="0.543" classname="zavrsni_ispit_12_07_2019.Testovi.PretragaInstitucijaTest"/>
</testsuite> <!-- zavrsni_ispit_12_07_2019.Testovi.PretragaInstitucijaTest -->
